{"/home/aspl/test coverage/backend/auth/verifyToken.js":{"path":"/home/aspl/test coverage/backend/auth/verifyToken.js","statementMap":{"0":{"start":{"line":5,"column":14},"end":{"line":5,"column":43}},"1":{"start":{"line":6,"column":2},"end":{"line":7,"column":80}},"2":{"start":{"line":7,"column":4},"end":{"line":7,"column":80}},"3":{"start":{"line":9,"column":2},"end":{"line":16,"column":5}},"4":{"start":{"line":10,"column":4},"end":{"line":13,"column":73}},"5":{"start":{"line":11,"column":6},"end":{"line":13,"column":73}},"6":{"start":{"line":14,"column":4},"end":{"line":14,"column":28}},"7":{"start":{"line":15,"column":4},"end":{"line":15,"column":11}},"8":{"start":{"line":18,"column":0},"end":{"line":18,"column":29}}},"fnMap":{"0":{"name":"verifyToken","decl":{"start":{"line":4,"column":9},"end":{"line":4,"column":20}},"loc":{"start":{"line":4,"column":37},"end":{"line":17,"column":1}},"line":4},"1":{"name":"(anonymous_1)","decl":{"start":{"line":9,"column":38},"end":{"line":9,"column":39}},"loc":{"start":{"line":9,"column":61},"end":{"line":16,"column":3}},"line":9}},"branchMap":{"0":{"loc":{"start":{"line":6,"column":2},"end":{"line":7,"column":80}},"type":"if","locations":[{"start":{"line":6,"column":2},"end":{"line":7,"column":80}},{"start":{"line":6,"column":2},"end":{"line":7,"column":80}}],"line":6},"1":{"loc":{"start":{"line":10,"column":4},"end":{"line":13,"column":73}},"type":"if","locations":[{"start":{"line":10,"column":4},"end":{"line":13,"column":73}},{"start":{"line":10,"column":4},"end":{"line":13,"column":73}}],"line":10}},"s":{"0":0,"1":0,"2":0,"3":0,"4":0,"5":0,"6":0,"7":0,"8":0},"f":{"0":0,"1":0},"b":{"0":[0,0],"1":[0,0]}},"/home/aspl/test coverage/backend/config/jwtConfig.js":{"path":"/home/aspl/test coverage/backend/config/jwtConfig.js","statementMap":{"0":{"start":{"line":1,"column":0},"end":{"line":3,"column":2}}},"fnMap":{},"branchMap":{},"s":{"0":0},"f":{},"b":{}},"/home/aspl/test coverage/backend/config/setting.js":{"path":"/home/aspl/test coverage/backend/config/setting.js","statementMap":{"0":{"start":{"line":1,"column":0},"end":{"line":14,"column":2}}},"fnMap":{},"branchMap":{},"s":{"0":0},"f":{},"b":{}},"/home/aspl/test coverage/backend/config/table.js":{"path":"/home/aspl/test coverage/backend/config/table.js","statementMap":{"0":{"start":{"line":1,"column":0},"end":{"line":33,"column":4}}},"fnMap":{},"branchMap":{},"s":{"0":0},"f":{},"b":{}},"/home/aspl/test coverage/backend/controllers/hospitalBranchController.js":{"path":"/home/aspl/test coverage/backend/controllers/hospitalBranchController.js","statementMap":{"0":{"start":{"line":1,"column":23},"end":{"line":1,"column":46}},"1":{"start":{"line":2,"column":27},"end":{"line":2,"column":61}},"2":{"start":{"line":3,"column":23},"end":{"line":3,"column":47}},"3":{"start":{"line":4,"column":17},"end":{"line":4,"column":46}},"4":{"start":{"line":5,"column":20},"end":{"line":5,"column":43}},"5":{"start":{"line":6,"column":16},"end":{"line":6,"column":44}},"6":{"start":{"line":7,"column":15},"end":{"line":7,"column":42}},"7":{"start":{"line":8,"column":18},"end":{"line":8,"column":43}},"8":{"start":{"line":10,"column":0},"end":{"line":51,"column":1}},"9":{"start":{"line":11,"column":16},"end":{"line":11,"column":18}},"10":{"start":{"line":12,"column":12},"end":{"line":12,"column":14}},"11":{"start":{"line":13,"column":11},"end":{"line":13,"column":13}},"12":{"start":{"line":14,"column":0},"end":{"line":14,"column":56}},"13":{"start":{"line":16,"column":0},"end":{"line":50,"column":2}},"14":{"start":{"line":22,"column":4},"end":{"line":24,"column":5}},"15":{"start":{"line":23,"column":7},"end":{"line":23,"column":75}},"16":{"start":{"line":25,"column":4},"end":{"line":25,"column":17}},"17":{"start":{"line":27,"column":4},"end":{"line":46,"column":6}},"18":{"start":{"line":29,"column":8},"end":{"line":45,"column":9}},"19":{"start":{"line":30,"column":12},"end":{"line":30,"column":56}},"20":{"start":{"line":31,"column":12},"end":{"line":37,"column":14}},"21":{"start":{"line":32,"column":16},"end":{"line":34,"column":17}},"22":{"start":{"line":33,"column":20},"end":{"line":33,"column":70}},"23":{"start":{"line":36,"column":17},"end":{"line":36,"column":76}},"24":{"start":{"line":38,"column":12},"end":{"line":38,"column":63}},"25":{"start":{"line":39,"column":12},"end":{"line":44,"column":14}},"26":{"start":{"line":41,"column":16},"end":{"line":41,"column":91}},"27":{"start":{"line":43,"column":16},"end":{"line":43,"column":75}},"28":{"start":{"line":49,"column":4},"end":{"line":49,"column":63}},"29":{"start":{"line":53,"column":0},"end":{"line":64,"column":1}},"30":{"start":{"line":54,"column":4},"end":{"line":63,"column":7}},"31":{"start":{"line":59,"column":6},"end":{"line":59,"column":64}},"32":{"start":{"line":62,"column":8},"end":{"line":62,"column":67}},"33":{"start":{"line":66,"column":0},"end":{"line":102,"column":1}},"34":{"start":{"line":67,"column":15},"end":{"line":67,"column":17}},"35":{"start":{"line":68,"column":27},"end":{"line":68,"column":29}},"36":{"start":{"line":69,"column":4},"end":{"line":69,"column":53}},"37":{"start":{"line":71,"column":4},"end":{"line":100,"column":6}},"38":{"start":{"line":76,"column":8},"end":{"line":78,"column":9}},"39":{"start":{"line":77,"column":11},"end":{"line":77,"column":78}},"40":{"start":{"line":79,"column":8},"end":{"line":79,"column":21}},"41":{"start":{"line":81,"column":8},"end":{"line":96,"column":10}},"42":{"start":{"line":83,"column":12},"end":{"line":95,"column":13}},"43":{"start":{"line":85,"column":16},"end":{"line":85,"column":57}},"44":{"start":{"line":86,"column":16},"end":{"line":86,"column":68}},"45":{"start":{"line":87,"column":16},"end":{"line":87,"column":81}},"46":{"start":{"line":88,"column":16},"end":{"line":88,"column":49}},"47":{"start":{"line":89,"column":16},"end":{"line":89,"column":48}},"48":{"start":{"line":91,"column":16},"end":{"line":94,"column":18}},"49":{"start":{"line":93,"column":20},"end":{"line":93,"column":92}},"50":{"start":{"line":99,"column":9},"end":{"line":99,"column":68}},"51":{"start":{"line":104,"column":0},"end":{"line":115,"column":1}},"52":{"start":{"line":105,"column":4},"end":{"line":114,"column":6}},"53":{"start":{"line":107,"column":8},"end":{"line":107,"column":31}},"54":{"start":{"line":110,"column":8},"end":{"line":110,"column":79}},"55":{"start":{"line":113,"column":8},"end":{"line":113,"column":67}},"56":{"start":{"line":117,"column":0},"end":{"line":129,"column":1}},"57":{"start":{"line":118,"column":4},"end":{"line":128,"column":7}},"58":{"start":{"line":124,"column":8},"end":{"line":124,"column":66}},"59":{"start":{"line":127,"column":8},"end":{"line":127,"column":67}},"60":{"start":{"line":131,"column":0},"end":{"line":167,"column":1}},"61":{"start":{"line":132,"column":14},"end":{"line":132,"column":16}},"62":{"start":{"line":133,"column":27},"end":{"line":133,"column":29}},"63":{"start":{"line":135,"column":4},"end":{"line":140,"column":6}},"64":{"start":{"line":138,"column":8},"end":{"line":138,"column":29}},"65":{"start":{"line":139,"column":8},"end":{"line":139,"column":21}},"66":{"start":{"line":142,"column":4},"end":{"line":146,"column":28}},"67":{"start":{"line":148,"column":4},"end":{"line":166,"column":6}},"68":{"start":{"line":151,"column":8},"end":{"line":162,"column":9}},"69":{"start":{"line":152,"column":12},"end":{"line":152,"column":53}},"70":{"start":{"line":153,"column":12},"end":{"line":153,"column":64}},"71":{"start":{"line":154,"column":12},"end":{"line":154,"column":77}},"72":{"start":{"line":155,"column":12},"end":{"line":155,"column":45}},"73":{"start":{"line":156,"column":12},"end":{"line":156,"column":44}},"74":{"start":{"line":158,"column":12},"end":{"line":161,"column":14}},"75":{"start":{"line":160,"column":16},"end":{"line":160,"column":88}},"76":{"start":{"line":165,"column":8},"end":{"line":165,"column":67}},"77":{"start":{"line":169,"column":0},"end":{"line":190,"column":1}},"78":{"start":{"line":170,"column":20},"end":{"line":170,"column":22}},"79":{"start":{"line":171,"column":33},"end":{"line":171,"column":35}},"80":{"start":{"line":172,"column":4},"end":{"line":172,"column":69}},"81":{"start":{"line":173,"column":2},"end":{"line":189,"column":6}},"82":{"start":{"line":174,"column":8},"end":{"line":186,"column":9}},"83":{"start":{"line":176,"column":12},"end":{"line":176,"column":71}},"84":{"start":{"line":177,"column":12},"end":{"line":177,"column":70}},"85":{"start":{"line":178,"column":12},"end":{"line":178,"column":83}},"86":{"start":{"line":179,"column":12},"end":{"line":179,"column":51}},"87":{"start":{"line":180,"column":12},"end":{"line":180,"column":50}},"88":{"start":{"line":182,"column":12},"end":{"line":185,"column":14}},"89":{"start":{"line":184,"column":16},"end":{"line":184,"column":94}},"90":{"start":{"line":188,"column":9},"end":{"line":188,"column":68}},"91":{"start":{"line":192,"column":0},"end":{"line":204,"column":1}},"92":{"start":{"line":193,"column":4},"end":{"line":203,"column":7}},"93":{"start":{"line":199,"column":8},"end":{"line":199,"column":66}},"94":{"start":{"line":202,"column":8},"end":{"line":202,"column":67}},"95":{"start":{"line":206,"column":0},"end":{"line":217,"column":1}},"96":{"start":{"line":207,"column":4},"end":{"line":216,"column":6}},"97":{"start":{"line":209,"column":8},"end":{"line":209,"column":31}},"98":{"start":{"line":212,"column":8},"end":{"line":212,"column":79}},"99":{"start":{"line":215,"column":8},"end":{"line":215,"column":67}},"100":{"start":{"line":219,"column":0},"end":{"line":255,"column":1}},"101":{"start":{"line":220,"column":19},"end":{"line":220,"column":21}},"102":{"start":{"line":221,"column":33},"end":{"line":221,"column":35}},"103":{"start":{"line":223,"column":4},"end":{"line":228,"column":6}},"104":{"start":{"line":226,"column":8},"end":{"line":226,"column":29}},"105":{"start":{"line":227,"column":8},"end":{"line":227,"column":21}},"106":{"start":{"line":230,"column":4},"end":{"line":234,"column":45}},"107":{"start":{"line":236,"column":4},"end":{"line":254,"column":6}},"108":{"start":{"line":239,"column":8},"end":{"line":250,"column":9}},"109":{"start":{"line":240,"column":12},"end":{"line":240,"column":71}},"110":{"start":{"line":241,"column":12},"end":{"line":241,"column":70}},"111":{"start":{"line":242,"column":12},"end":{"line":242,"column":83}},"112":{"start":{"line":243,"column":12},"end":{"line":243,"column":51}},"113":{"start":{"line":244,"column":12},"end":{"line":244,"column":50}},"114":{"start":{"line":246,"column":12},"end":{"line":249,"column":14}},"115":{"start":{"line":248,"column":16},"end":{"line":248,"column":98}},"116":{"start":{"line":253,"column":8},"end":{"line":253,"column":67}},"117":{"start":{"line":257,"column":0},"end":{"line":273,"column":1}},"118":{"start":{"line":258,"column":4},"end":{"line":272,"column":6}},"119":{"start":{"line":268,"column":9},"end":{"line":268,"column":67}},"120":{"start":{"line":271,"column":9},"end":{"line":271,"column":68}},"121":{"start":{"line":275,"column":0},"end":{"line":302,"column":1}},"122":{"start":{"line":276,"column":4},"end":{"line":301,"column":7}},"123":{"start":{"line":278,"column":6},"end":{"line":278,"column":45}},"124":{"start":{"line":279,"column":6},"end":{"line":279,"column":26}},"125":{"start":{"line":282,"column":22},"end":{"line":282,"column":72}},"126":{"start":{"line":283,"column":5},"end":{"line":283,"column":22}},"127":{"start":{"line":286,"column":8},"end":{"line":286,"column":46}},"128":{"start":{"line":287,"column":8},"end":{"line":287,"column":56}},"129":{"start":{"line":288,"column":8},"end":{"line":288,"column":54}},"130":{"start":{"line":289,"column":8},"end":{"line":289,"column":39}},"131":{"start":{"line":290,"column":8},"end":{"line":290,"column":37}},"132":{"start":{"line":291,"column":8},"end":{"line":291,"column":43}},"133":{"start":{"line":292,"column":8},"end":{"line":292,"column":43}},"134":{"start":{"line":293,"column":8},"end":{"line":293,"column":45}},"135":{"start":{"line":294,"column":8},"end":{"line":294,"column":32}},"136":{"start":{"line":297,"column":8},"end":{"line":297,"column":59}},"137":{"start":{"line":300,"column":8},"end":{"line":300,"column":67}}},"fnMap":{"0":{"name":"(anonymous_0)","decl":{"start":{"line":10,"column":32},"end":{"line":10,"column":33}},"loc":{"start":{"line":10,"column":48},"end":{"line":51,"column":1}},"line":10},"1":{"name":"(anonymous_1)","decl":{"start":{"line":21,"column":8},"end":{"line":21,"column":9}},"loc":{"start":{"line":21,"column":18},"end":{"line":26,"column":1}},"line":21},"2":{"name":"(anonymous_2)","decl":{"start":{"line":26,"column":8},"end":{"line":26,"column":9}},"loc":{"start":{"line":26,"column":17},"end":{"line":47,"column":1}},"line":26},"3":{"name":"(anonymous_3)","decl":{"start":{"line":28,"column":10},"end":{"line":28,"column":11}},"loc":{"start":{"line":28,"column":20},"end":{"line":46,"column":5}},"line":28},"4":{"name":"(anonymous_4)","decl":{"start":{"line":31,"column":62},"end":{"line":31,"column":63}},"loc":{"start":{"line":31,"column":70},"end":{"line":35,"column":13}},"line":31},"5":{"name":"(anonymous_5)","decl":{"start":{"line":35,"column":21},"end":{"line":35,"column":22}},"loc":{"start":{"line":35,"column":26},"end":{"line":37,"column":13}},"line":35},"6":{"name":"(anonymous_6)","decl":{"start":{"line":40,"column":18},"end":{"line":40,"column":19}},"loc":{"start":{"line":40,"column":28},"end":{"line":42,"column":13}},"line":40},"7":{"name":"(anonymous_7)","decl":{"start":{"line":42,"column":21},"end":{"line":42,"column":22}},"loc":{"start":{"line":42,"column":28},"end":{"line":44,"column":13}},"line":42},"8":{"name":"(anonymous_8)","decl":{"start":{"line":48,"column":7},"end":{"line":48,"column":8}},"loc":{"start":{"line":48,"column":14},"end":{"line":50,"column":1}},"line":48},"9":{"name":"(anonymous_9)","decl":{"start":{"line":53,"column":28},"end":{"line":53,"column":29}},"loc":{"start":{"line":53,"column":44},"end":{"line":64,"column":1}},"line":53},"10":{"name":"(anonymous_10)","decl":{"start":{"line":58,"column":11},"end":{"line":58,"column":12}},"loc":{"start":{"line":58,"column":21},"end":{"line":60,"column":5}},"line":58},"11":{"name":"(anonymous_11)","decl":{"start":{"line":61,"column":11},"end":{"line":61,"column":12}},"loc":{"start":{"line":61,"column":18},"end":{"line":63,"column":6}},"line":61},"12":{"name":"(anonymous_12)","decl":{"start":{"line":66,"column":17},"end":{"line":66,"column":18}},"loc":{"start":{"line":66,"column":33},"end":{"line":102,"column":1}},"line":66},"13":{"name":"(anonymous_13)","decl":{"start":{"line":75,"column":12},"end":{"line":75,"column":13}},"loc":{"start":{"line":75,"column":22},"end":{"line":80,"column":5}},"line":75},"14":{"name":"(anonymous_14)","decl":{"start":{"line":80,"column":12},"end":{"line":80,"column":13}},"loc":{"start":{"line":80,"column":21},"end":{"line":97,"column":5}},"line":80},"15":{"name":"(anonymous_15)","decl":{"start":{"line":81,"column":53},"end":{"line":81,"column":54}},"loc":{"start":{"line":81,"column":61},"end":{"line":96,"column":9}},"line":81},"16":{"name":"(anonymous_16)","decl":{"start":{"line":92,"column":22},"end":{"line":92,"column":23}},"loc":{"start":{"line":92,"column":30},"end":{"line":94,"column":17}},"line":92},"17":{"name":"(anonymous_17)","decl":{"start":{"line":98,"column":11},"end":{"line":98,"column":12}},"loc":{"start":{"line":98,"column":16},"end":{"line":100,"column":5}},"line":98},"18":{"name":"(anonymous_18)","decl":{"start":{"line":104,"column":19},"end":{"line":104,"column":20}},"loc":{"start":{"line":104,"column":35},"end":{"line":115,"column":1}},"line":104},"19":{"name":"(anonymous_19)","decl":{"start":{"line":106,"column":10},"end":{"line":106,"column":11}},"loc":{"start":{"line":106,"column":18},"end":{"line":108,"column":5}},"line":106},"20":{"name":"(anonymous_20)","decl":{"start":{"line":109,"column":10},"end":{"line":109,"column":11}},"loc":{"start":{"line":109,"column":18},"end":{"line":111,"column":5}},"line":109},"21":{"name":"(anonymous_21)","decl":{"start":{"line":112,"column":11},"end":{"line":112,"column":12}},"loc":{"start":{"line":112,"column":16},"end":{"line":114,"column":5}},"line":112},"22":{"name":"(anonymous_22)","decl":{"start":{"line":117,"column":30},"end":{"line":117,"column":31}},"loc":{"start":{"line":117,"column":46},"end":{"line":129,"column":1}},"line":117},"23":{"name":"(anonymous_23)","decl":{"start":{"line":123,"column":11},"end":{"line":123,"column":12}},"loc":{"start":{"line":123,"column":21},"end":{"line":125,"column":5}},"line":123},"24":{"name":"(anonymous_24)","decl":{"start":{"line":126,"column":11},"end":{"line":126,"column":12}},"loc":{"start":{"line":126,"column":18},"end":{"line":128,"column":6}},"line":126},"25":{"name":"(anonymous_25)","decl":{"start":{"line":131,"column":36},"end":{"line":131,"column":37}},"loc":{"start":{"line":131,"column":52},"end":{"line":167,"column":1}},"line":131},"26":{"name":"(anonymous_26)","decl":{"start":{"line":137,"column":10},"end":{"line":137,"column":11}},"loc":{"start":{"line":137,"column":18},"end":{"line":140,"column":5}},"line":137},"27":{"name":"(anonymous_27)","decl":{"start":{"line":149,"column":10},"end":{"line":149,"column":11}},"loc":{"start":{"line":149,"column":18},"end":{"line":163,"column":5}},"line":149},"28":{"name":"(anonymous_28)","decl":{"start":{"line":159,"column":18},"end":{"line":159,"column":19}},"loc":{"start":{"line":159,"column":26},"end":{"line":161,"column":13}},"line":159},"29":{"name":"(anonymous_29)","decl":{"start":{"line":164,"column":11},"end":{"line":164,"column":12}},"loc":{"start":{"line":164,"column":16},"end":{"line":166,"column":5}},"line":164},"30":{"name":"(anonymous_30)","decl":{"start":{"line":169,"column":22},"end":{"line":169,"column":23}},"loc":{"start":{"line":169,"column":38},"end":{"line":190,"column":1}},"line":169},"31":{"name":"(anonymous_31)","decl":{"start":{"line":173,"column":58},"end":{"line":173,"column":59}},"loc":{"start":{"line":173,"column":66},"end":{"line":187,"column":5}},"line":173},"32":{"name":"(anonymous_32)","decl":{"start":{"line":183,"column":18},"end":{"line":183,"column":19}},"loc":{"start":{"line":183,"column":26},"end":{"line":185,"column":13}},"line":183},"33":{"name":"(anonymous_33)","decl":{"start":{"line":187,"column":13},"end":{"line":187,"column":14}},"loc":{"start":{"line":187,"column":18},"end":{"line":189,"column":5}},"line":187},"34":{"name":"(anonymous_34)","decl":{"start":{"line":192,"column":38},"end":{"line":192,"column":39}},"loc":{"start":{"line":192,"column":54},"end":{"line":204,"column":1}},"line":192},"35":{"name":"(anonymous_35)","decl":{"start":{"line":198,"column":11},"end":{"line":198,"column":12}},"loc":{"start":{"line":198,"column":21},"end":{"line":200,"column":5}},"line":198},"36":{"name":"(anonymous_36)","decl":{"start":{"line":201,"column":11},"end":{"line":201,"column":12}},"loc":{"start":{"line":201,"column":18},"end":{"line":203,"column":6}},"line":201},"37":{"name":"(anonymous_37)","decl":{"start":{"line":206,"column":25},"end":{"line":206,"column":26}},"loc":{"start":{"line":206,"column":41},"end":{"line":217,"column":1}},"line":206},"38":{"name":"(anonymous_38)","decl":{"start":{"line":208,"column":10},"end":{"line":208,"column":11}},"loc":{"start":{"line":208,"column":18},"end":{"line":210,"column":5}},"line":208},"39":{"name":"(anonymous_39)","decl":{"start":{"line":211,"column":10},"end":{"line":211,"column":11}},"loc":{"start":{"line":211,"column":18},"end":{"line":213,"column":5}},"line":211},"40":{"name":"(anonymous_40)","decl":{"start":{"line":214,"column":11},"end":{"line":214,"column":12}},"loc":{"start":{"line":214,"column":16},"end":{"line":216,"column":5}},"line":214},"41":{"name":"(anonymous_41)","decl":{"start":{"line":219,"column":43},"end":{"line":219,"column":44}},"loc":{"start":{"line":219,"column":59},"end":{"line":255,"column":1}},"line":219},"42":{"name":"(anonymous_42)","decl":{"start":{"line":225,"column":10},"end":{"line":225,"column":11}},"loc":{"start":{"line":225,"column":18},"end":{"line":228,"column":5}},"line":225},"43":{"name":"(anonymous_43)","decl":{"start":{"line":237,"column":10},"end":{"line":237,"column":11}},"loc":{"start":{"line":237,"column":18},"end":{"line":251,"column":5}},"line":237},"44":{"name":"(anonymous_44)","decl":{"start":{"line":247,"column":18},"end":{"line":247,"column":19}},"loc":{"start":{"line":247,"column":26},"end":{"line":249,"column":13}},"line":247},"45":{"name":"(anonymous_45)","decl":{"start":{"line":252,"column":11},"end":{"line":252,"column":12}},"loc":{"start":{"line":252,"column":16},"end":{"line":254,"column":5}},"line":252},"46":{"name":"(anonymous_46)","decl":{"start":{"line":257,"column":32},"end":{"line":257,"column":33}},"loc":{"start":{"line":257,"column":48},"end":{"line":273,"column":1}},"line":257},"47":{"name":"(anonymous_47)","decl":{"start":{"line":267,"column":12},"end":{"line":267,"column":13}},"loc":{"start":{"line":267,"column":22},"end":{"line":269,"column":6}},"line":267},"48":{"name":"(anonymous_48)","decl":{"start":{"line":270,"column":12},"end":{"line":270,"column":13}},"loc":{"start":{"line":270,"column":19},"end":{"line":272,"column":5}},"line":270},"49":{"name":"(anonymous_49)","decl":{"start":{"line":275,"column":35},"end":{"line":275,"column":36}},"loc":{"start":{"line":275,"column":51},"end":{"line":302,"column":1}},"line":275},"50":{"name":"(anonymous_50)","decl":{"start":{"line":277,"column":10},"end":{"line":277,"column":11}},"loc":{"start":{"line":277,"column":18},"end":{"line":280,"column":5}},"line":277},"51":{"name":"(anonymous_51)","decl":{"start":{"line":281,"column":10},"end":{"line":281,"column":11}},"loc":{"start":{"line":281,"column":19},"end":{"line":284,"column":5}},"line":281},"52":{"name":"(anonymous_52)","decl":{"start":{"line":285,"column":10},"end":{"line":285,"column":11}},"loc":{"start":{"line":285,"column":22},"end":{"line":295,"column":5}},"line":285},"53":{"name":"(anonymous_53)","decl":{"start":{"line":296,"column":10},"end":{"line":296,"column":11}},"loc":{"start":{"line":296,"column":18},"end":{"line":298,"column":6}},"line":296},"54":{"name":"(anonymous_54)","decl":{"start":{"line":299,"column":12},"end":{"line":299,"column":13}},"loc":{"start":{"line":299,"column":19},"end":{"line":301,"column":6}},"line":299}},"branchMap":{"0":{"loc":{"start":{"line":22,"column":4},"end":{"line":24,"column":5}},"type":"if","locations":[{"start":{"line":22,"column":4},"end":{"line":24,"column":5}},{"start":{"line":22,"column":4},"end":{"line":24,"column":5}}],"line":22},"1":{"loc":{"start":{"line":29,"column":8},"end":{"line":45,"column":9}},"type":"if","locations":[{"start":{"line":29,"column":8},"end":{"line":45,"column":9}},{"start":{"line":29,"column":8},"end":{"line":45,"column":9}}],"line":29},"2":{"loc":{"start":{"line":32,"column":16},"end":{"line":34,"column":17}},"type":"if","locations":[{"start":{"line":32,"column":16},"end":{"line":34,"column":17}},{"start":{"line":32,"column":16},"end":{"line":34,"column":17}}],"line":32},"3":{"loc":{"start":{"line":76,"column":8},"end":{"line":78,"column":9}},"type":"if","locations":[{"start":{"line":76,"column":8},"end":{"line":78,"column":9}},{"start":{"line":76,"column":8},"end":{"line":78,"column":9}}],"line":76},"4":{"loc":{"start":{"line":83,"column":12},"end":{"line":95,"column":13}},"type":"if","locations":[{"start":{"line":83,"column":12},"end":{"line":95,"column":13}},{"start":{"line":83,"column":12},"end":{"line":95,"column":13}}],"line":83},"5":{"loc":{"start":{"line":151,"column":8},"end":{"line":162,"column":9}},"type":"if","locations":[{"start":{"line":151,"column":8},"end":{"line":162,"column":9}},{"start":{"line":151,"column":8},"end":{"line":162,"column":9}}],"line":151},"6":{"loc":{"start":{"line":174,"column":8},"end":{"line":186,"column":9}},"type":"if","locations":[{"start":{"line":174,"column":8},"end":{"line":186,"column":9}},{"start":{"line":174,"column":8},"end":{"line":186,"column":9}}],"line":174},"7":{"loc":{"start":{"line":239,"column":8},"end":{"line":250,"column":9}},"type":"if","locations":[{"start":{"line":239,"column":8},"end":{"line":250,"column":9}},{"start":{"line":239,"column":8},"end":{"line":250,"column":9}}],"line":239}},"s":{"0":0,"1":0,"2":0,"3":0,"4":0,"5":0,"6":0,"7":0,"8":0,"9":0,"10":0,"11":0,"12":0,"13":0,"14":0,"15":0,"16":0,"17":0,"18":0,"19":0,"20":0,"21":0,"22":0,"23":0,"24":0,"25":0,"26":0,"27":0,"28":0,"29":0,"30":0,"31":0,"32":0,"33":0,"34":0,"35":0,"36":0,"37":0,"38":0,"39":0,"40":0,"41":0,"42":0,"43":0,"44":0,"45":0,"46":0,"47":0,"48":0,"49":0,"50":0,"51":0,"52":0,"53":0,"54":0,"55":0,"56":0,"57":0,"58":0,"59":0,"60":0,"61":0,"62":0,"63":0,"64":0,"65":0,"66":0,"67":0,"68":0,"69":0,"70":0,"71":0,"72":0,"73":0,"74":0,"75":0,"76":0,"77":0,"78":0,"79":0,"80":0,"81":0,"82":0,"83":0,"84":0,"85":0,"86":0,"87":0,"88":0,"89":0,"90":0,"91":0,"92":0,"93":0,"94":0,"95":0,"96":0,"97":0,"98":0,"99":0,"100":0,"101":0,"102":0,"103":0,"104":0,"105":0,"106":0,"107":0,"108":0,"109":0,"110":0,"111":0,"112":0,"113":0,"114":0,"115":0,"116":0,"117":0,"118":0,"119":0,"120":0,"121":0,"122":0,"123":0,"124":0,"125":0,"126":0,"127":0,"128":0,"129":0,"130":0,"131":0,"132":0,"133":0,"134":0,"135":0,"136":0,"137":0},"f":{"0":0,"1":0,"2":0,"3":0,"4":0,"5":0,"6":0,"7":0,"8":0,"9":0,"10":0,"11":0,"12":0,"13":0,"14":0,"15":0,"16":0,"17":0,"18":0,"19":0,"20":0,"21":0,"22":0,"23":0,"24":0,"25":0,"26":0,"27":0,"28":0,"29":0,"30":0,"31":0,"32":0,"33":0,"34":0,"35":0,"36":0,"37":0,"38":0,"39":0,"40":0,"41":0,"42":0,"43":0,"44":0,"45":0,"46":0,"47":0,"48":0,"49":0,"50":0,"51":0,"52":0,"53":0,"54":0},"b":{"0":[0,0],"1":[0,0],"2":[0,0],"3":[0,0],"4":[0,0],"5":[0,0],"6":[0,0],"7":[0,0]}},"/home/aspl/test coverage/backend/controllers/hospitalController.js":{"path":"/home/aspl/test coverage/backend/controllers/hospitalController.js","statementMap":{"0":{"start":{"line":1,"column":23},"end":{"line":1,"column":46}},"1":{"start":{"line":2,"column":27},"end":{"line":2,"column":61}},"2":{"start":{"line":3,"column":23},"end":{"line":3,"column":47}},"3":{"start":{"line":4,"column":17},"end":{"line":4,"column":46}},"4":{"start":{"line":5,"column":20},"end":{"line":5,"column":43}},"5":{"start":{"line":6,"column":16},"end":{"line":6,"column":44}},"6":{"start":{"line":7,"column":15},"end":{"line":7,"column":42}},"7":{"start":{"line":8,"column":18},"end":{"line":8,"column":43}},"8":{"start":{"line":10,"column":0},"end":{"line":13,"column":1}},"9":{"start":{"line":11,"column":1},"end":{"line":11,"column":10}},"10":{"start":{"line":12,"column":0},"end":{"line":12,"column":10}},"11":{"start":{"line":17,"column":0},"end":{"line":64,"column":1}},"12":{"start":{"line":19,"column":12},"end":{"line":19,"column":14}},"13":{"start":{"line":20,"column":2},"end":{"line":20,"column":36}},"14":{"start":{"line":22,"column":15},"end":{"line":22,"column":17}},"15":{"start":{"line":23,"column":2},"end":{"line":23,"column":48}},"16":{"start":{"line":25,"column":13},"end":{"line":25,"column":15}},"17":{"start":{"line":26,"column":2},"end":{"line":26,"column":37}},"18":{"start":{"line":28,"column":2},"end":{"line":63,"column":65}},"19":{"start":{"line":34,"column":4},"end":{"line":36,"column":5}},"20":{"start":{"line":35,"column":7},"end":{"line":35,"column":80}},"21":{"start":{"line":37,"column":4},"end":{"line":37,"column":17}},"22":{"start":{"line":41,"column":4},"end":{"line":60,"column":6}},"23":{"start":{"line":43,"column":8},"end":{"line":59,"column":9}},"24":{"start":{"line":44,"column":11},"end":{"line":44,"column":39}},"25":{"start":{"line":45,"column":11},"end":{"line":45,"column":57}},"26":{"start":{"line":46,"column":11},"end":{"line":46,"column":42}},"27":{"start":{"line":48,"column":12},"end":{"line":53,"column":14}},"28":{"start":{"line":50,"column":12},"end":{"line":52,"column":13}},"29":{"start":{"line":51,"column":15},"end":{"line":51,"column":68}},"30":{"start":{"line":54,"column":12},"end":{"line":58,"column":14}},"31":{"start":{"line":55,"column":16},"end":{"line":57,"column":17}},"32":{"start":{"line":56,"column":20},"end":{"line":56,"column":96}},"33":{"start":{"line":63,"column":4},"end":{"line":63,"column":63}},"34":{"start":{"line":66,"column":0},"end":{"line":79,"column":1}},"35":{"start":{"line":68,"column":15},"end":{"line":68,"column":17}},"36":{"start":{"line":69,"column":4},"end":{"line":69,"column":47}},"37":{"start":{"line":71,"column":4},"end":{"line":77,"column":6}},"38":{"start":{"line":72,"column":8},"end":{"line":74,"column":9}},"39":{"start":{"line":73,"column":12},"end":{"line":73,"column":84}},"40":{"start":{"line":76,"column":9},"end":{"line":76,"column":68}},"41":{"start":{"line":81,"column":0},"end":{"line":97,"column":1}},"42":{"start":{"line":83,"column":4},"end":{"line":96,"column":7}},"43":{"start":{"line":92,"column":8},"end":{"line":92,"column":66}},"44":{"start":{"line":95,"column":8},"end":{"line":95,"column":67}},"45":{"start":{"line":99,"column":0},"end":{"line":148,"column":1}},"46":{"start":{"line":102,"column":4},"end":{"line":146,"column":6}},"47":{"start":{"line":109,"column":8},"end":{"line":111,"column":9}},"48":{"start":{"line":110,"column":12},"end":{"line":110,"column":79}},"49":{"start":{"line":112,"column":3},"end":{"line":112,"column":36}},"50":{"start":{"line":113,"column":3},"end":{"line":113,"column":29}},"51":{"start":{"line":114,"column":3},"end":{"line":114,"column":48}},"52":{"start":{"line":115,"column":3},"end":{"line":115,"column":46}},"53":{"start":{"line":116,"column":3},"end":{"line":116,"column":34}},"54":{"start":{"line":117,"column":3},"end":{"line":117,"column":30}},"55":{"start":{"line":118,"column":3},"end":{"line":118,"column":38}},"56":{"start":{"line":119,"column":3},"end":{"line":119,"column":36}},"57":{"start":{"line":120,"column":3},"end":{"line":120,"column":23}},"58":{"start":{"line":124,"column":27},"end":{"line":128,"column":10}},"59":{"start":{"line":130,"column":8},"end":{"line":130,"column":29}},"60":{"start":{"line":134,"column":7},"end":{"line":134,"column":51}},"61":{"start":{"line":135,"column":7},"end":{"line":135,"column":27}},"62":{"start":{"line":139,"column":8},"end":{"line":139,"column":96}},"63":{"start":{"line":144,"column":8},"end":{"line":144,"column":67}},"64":{"start":{"line":150,"column":0},"end":{"line":252,"column":1}},"65":{"start":{"line":152,"column":16},"end":{"line":152,"column":51}},"66":{"start":{"line":153,"column":21},"end":{"line":153,"column":23}},"67":{"start":{"line":154,"column":4},"end":{"line":205,"column":3}},"68":{"start":{"line":162,"column":8},"end":{"line":204,"column":3}},"69":{"start":{"line":163,"column":12},"end":{"line":165,"column":14}},"70":{"start":{"line":164,"column":16},"end":{"line":164,"column":50}},"71":{"start":{"line":166,"column":8},"end":{"line":203,"column":6}},"72":{"start":{"line":174,"column":7},"end":{"line":180,"column":7}},"73":{"start":{"line":174,"column":18},"end":{"line":174,"column":19}},"74":{"start":{"line":175,"column":11},"end":{"line":175,"column":68}},"75":{"start":{"line":176,"column":11},"end":{"line":176,"column":53}},"76":{"start":{"line":177,"column":11},"end":{"line":177,"column":46}},"77":{"start":{"line":178,"column":11},"end":{"line":178,"column":68}},"78":{"start":{"line":179,"column":11},"end":{"line":179,"column":53}},"79":{"start":{"line":181,"column":12},"end":{"line":196,"column":10}},"80":{"start":{"line":183,"column":16},"end":{"line":195,"column":13}},"81":{"start":{"line":183,"column":27},"end":{"line":183,"column":28}},"82":{"start":{"line":185,"column":16},"end":{"line":194,"column":16}},"83":{"start":{"line":185,"column":26},"end":{"line":185,"column":27}},"84":{"start":{"line":187,"column":17},"end":{"line":193,"column":18}},"85":{"start":{"line":188,"column":20},"end":{"line":188,"column":109}},"86":{"start":{"line":189,"column":20},"end":{"line":189,"column":109}},"87":{"start":{"line":190,"column":20},"end":{"line":190,"column":97}},"88":{"start":{"line":191,"column":20},"end":{"line":191,"column":109}},"89":{"start":{"line":192,"column":20},"end":{"line":192,"column":109}},"90":{"start":{"line":197,"column":9},"end":{"line":197,"column":22}},"91":{"start":{"line":200,"column":8},"end":{"line":200,"column":66}},"92":{"start":{"line":202,"column":8},"end":{"line":202,"column":67}},"93":{"start":{"line":254,"column":0},"end":{"line":269,"column":1}},"94":{"start":{"line":256,"column":4},"end":{"line":268,"column":7}},"95":{"start":{"line":264,"column":6},"end":{"line":264,"column":87}},"96":{"start":{"line":267,"column":8},"end":{"line":267,"column":67}}},"fnMap":{"0":{"name":"(anonymous_0)","decl":{"start":{"line":10,"column":12},"end":{"line":10,"column":13}},"loc":{"start":{"line":10,"column":20},"end":{"line":13,"column":1}},"line":10},"1":{"name":"(anonymous_1)","decl":{"start":{"line":17,"column":25},"end":{"line":17,"column":26}},"loc":{"start":{"line":17,"column":41},"end":{"line":64,"column":1}},"line":17},"2":{"name":"(anonymous_2)","decl":{"start":{"line":33,"column":8},"end":{"line":33,"column":9}},"loc":{"start":{"line":33,"column":18},"end":{"line":38,"column":1}},"line":33},"3":{"name":"(anonymous_3)","decl":{"start":{"line":39,"column":6},"end":{"line":39,"column":7}},"loc":{"start":{"line":39,"column":15},"end":{"line":61,"column":1}},"line":39},"4":{"name":"(anonymous_4)","decl":{"start":{"line":42,"column":10},"end":{"line":42,"column":11}},"loc":{"start":{"line":42,"column":20},"end":{"line":60,"column":5}},"line":42},"5":{"name":"(anonymous_5)","decl":{"start":{"line":49,"column":18},"end":{"line":49,"column":19}},"loc":{"start":{"line":49,"column":28},"end":{"line":53,"column":13}},"line":49},"6":{"name":"(anonymous_6)","decl":{"start":{"line":54,"column":62},"end":{"line":54,"column":63}},"loc":{"start":{"line":54,"column":70},"end":{"line":58,"column":13}},"line":54},"7":{"name":"(anonymous_7)","decl":{"start":{"line":62,"column":7},"end":{"line":62,"column":8}},"loc":{"start":{"line":62,"column":12},"end":{"line":63,"column":64}},"line":62},"8":{"name":"(anonymous_8)","decl":{"start":{"line":66,"column":17},"end":{"line":66,"column":18}},"loc":{"start":{"line":66,"column":33},"end":{"line":79,"column":1}},"line":66},"9":{"name":"(anonymous_9)","decl":{"start":{"line":71,"column":49},"end":{"line":71,"column":50}},"loc":{"start":{"line":71,"column":57},"end":{"line":75,"column":5}},"line":71},"10":{"name":"(anonymous_10)","decl":{"start":{"line":75,"column":13},"end":{"line":75,"column":14}},"loc":{"start":{"line":75,"column":18},"end":{"line":77,"column":5}},"line":75},"11":{"name":"(anonymous_11)","decl":{"start":{"line":81,"column":29},"end":{"line":81,"column":30}},"loc":{"start":{"line":81,"column":47},"end":{"line":97,"column":1}},"line":81},"12":{"name":"(anonymous_12)","decl":{"start":{"line":91,"column":11},"end":{"line":91,"column":12}},"loc":{"start":{"line":91,"column":21},"end":{"line":93,"column":5}},"line":91},"13":{"name":"(anonymous_13)","decl":{"start":{"line":94,"column":11},"end":{"line":94,"column":12}},"loc":{"start":{"line":94,"column":18},"end":{"line":96,"column":6}},"line":94},"14":{"name":"(anonymous_14)","decl":{"start":{"line":99,"column":31},"end":{"line":99,"column":32}},"loc":{"start":{"line":99,"column":47},"end":{"line":148,"column":1}},"line":99},"15":{"name":"(anonymous_15)","decl":{"start":{"line":107,"column":10},"end":{"line":107,"column":11}},"loc":{"start":{"line":107,"column":18},"end":{"line":121,"column":5}},"line":107},"16":{"name":"(anonymous_16)","decl":{"start":{"line":122,"column":10},"end":{"line":122,"column":11}},"loc":{"start":{"line":122,"column":19},"end":{"line":131,"column":5}},"line":122},"17":{"name":"(anonymous_17)","decl":{"start":{"line":132,"column":10},"end":{"line":132,"column":11}},"loc":{"start":{"line":132,"column":19},"end":{"line":136,"column":5}},"line":132},"18":{"name":"(anonymous_18)","decl":{"start":{"line":137,"column":10},"end":{"line":137,"column":11}},"loc":{"start":{"line":137,"column":18},"end":{"line":141,"column":5}},"line":137},"19":{"name":"(anonymous_19)","decl":{"start":{"line":142,"column":11},"end":{"line":142,"column":12}},"loc":{"start":{"line":142,"column":16},"end":{"line":146,"column":5}},"line":142},"20":{"name":"(anonymous_20)","decl":{"start":{"line":150,"column":30},"end":{"line":150,"column":31}},"loc":{"start":{"line":150,"column":46},"end":{"line":252,"column":1}},"line":150},"21":{"name":"(anonymous_21)","decl":{"start":{"line":161,"column":12},"end":{"line":161,"column":13}},"loc":{"start":{"line":161,"column":20},"end":{"line":205,"column":2}},"line":161},"22":{"name":"(anonymous_22)","decl":{"start":{"line":163,"column":27},"end":{"line":163,"column":28}},"loc":{"start":{"line":163,"column":41},"end":{"line":165,"column":13}},"line":163},"23":{"name":"(anonymous_23)","decl":{"start":{"line":173,"column":15},"end":{"line":173,"column":16}},"loc":{"start":{"line":173,"column":40},"end":{"line":198,"column":5}},"line":173},"24":{"name":"(anonymous_24)","decl":{"start":{"line":199,"column":10},"end":{"line":199,"column":11}},"loc":{"start":{"line":199,"column":20},"end":{"line":201,"column":6}},"line":199},"25":{"name":"(anonymous_25)","decl":{"start":{"line":201,"column":14},"end":{"line":201,"column":15}},"loc":{"start":{"line":201,"column":21},"end":{"line":203,"column":5}},"line":201},"26":{"name":"(anonymous_26)","decl":{"start":{"line":254,"column":26},"end":{"line":254,"column":27}},"loc":{"start":{"line":254,"column":43},"end":{"line":269,"column":1}},"line":254},"27":{"name":"(anonymous_27)","decl":{"start":{"line":263,"column":10},"end":{"line":263,"column":11}},"loc":{"start":{"line":263,"column":20},"end":{"line":265,"column":5}},"line":263},"28":{"name":"(anonymous_28)","decl":{"start":{"line":266,"column":11},"end":{"line":266,"column":12}},"loc":{"start":{"line":266,"column":18},"end":{"line":268,"column":6}},"line":266}},"branchMap":{"0":{"loc":{"start":{"line":34,"column":4},"end":{"line":36,"column":5}},"type":"if","locations":[{"start":{"line":34,"column":4},"end":{"line":36,"column":5}},{"start":{"line":34,"column":4},"end":{"line":36,"column":5}}],"line":34},"1":{"loc":{"start":{"line":43,"column":8},"end":{"line":59,"column":9}},"type":"if","locations":[{"start":{"line":43,"column":8},"end":{"line":59,"column":9}},{"start":{"line":43,"column":8},"end":{"line":59,"column":9}}],"line":43},"2":{"loc":{"start":{"line":50,"column":12},"end":{"line":52,"column":13}},"type":"if","locations":[{"start":{"line":50,"column":12},"end":{"line":52,"column":13}},{"start":{"line":50,"column":12},"end":{"line":52,"column":13}}],"line":50},"3":{"loc":{"start":{"line":55,"column":16},"end":{"line":57,"column":17}},"type":"if","locations":[{"start":{"line":55,"column":16},"end":{"line":57,"column":17}},{"start":{"line":55,"column":16},"end":{"line":57,"column":17}}],"line":55},"4":{"loc":{"start":{"line":72,"column":8},"end":{"line":74,"column":9}},"type":"if","locations":[{"start":{"line":72,"column":8},"end":{"line":74,"column":9}},{"start":{"line":72,"column":8},"end":{"line":74,"column":9}}],"line":72},"5":{"loc":{"start":{"line":109,"column":8},"end":{"line":111,"column":9}},"type":"if","locations":[{"start":{"line":109,"column":8},"end":{"line":111,"column":9}},{"start":{"line":109,"column":8},"end":{"line":111,"column":9}}],"line":109},"6":{"loc":{"start":{"line":162,"column":8},"end":{"line":204,"column":3}},"type":"if","locations":[{"start":{"line":162,"column":8},"end":{"line":204,"column":3}},{"start":{"line":162,"column":8},"end":{"line":204,"column":3}}],"line":162},"7":{"loc":{"start":{"line":181,"column":12},"end":{"line":196,"column":10}},"type":"if","locations":[{"start":{"line":181,"column":12},"end":{"line":196,"column":10}},{"start":{"line":181,"column":12},"end":{"line":196,"column":10}}],"line":181},"8":{"loc":{"start":{"line":187,"column":17},"end":{"line":193,"column":18}},"type":"if","locations":[{"start":{"line":187,"column":17},"end":{"line":193,"column":18}},{"start":{"line":187,"column":17},"end":{"line":193,"column":18}}],"line":187}},"s":{"0":0,"1":0,"2":0,"3":0,"4":0,"5":0,"6":0,"7":0,"8":0,"9":0,"10":0,"11":0,"12":0,"13":0,"14":0,"15":0,"16":0,"17":0,"18":0,"19":0,"20":0,"21":0,"22":0,"23":0,"24":0,"25":0,"26":0,"27":0,"28":0,"29":0,"30":0,"31":0,"32":0,"33":0,"34":0,"35":0,"36":0,"37":0,"38":0,"39":0,"40":0,"41":0,"42":0,"43":0,"44":0,"45":0,"46":0,"47":0,"48":0,"49":0,"50":0,"51":0,"52":0,"53":0,"54":0,"55":0,"56":0,"57":0,"58":0,"59":0,"60":0,"61":0,"62":0,"63":0,"64":0,"65":0,"66":0,"67":0,"68":0,"69":0,"70":0,"71":0,"72":0,"73":0,"74":0,"75":0,"76":0,"77":0,"78":0,"79":0,"80":0,"81":0,"82":0,"83":0,"84":0,"85":0,"86":0,"87":0,"88":0,"89":0,"90":0,"91":0,"92":0,"93":0,"94":0,"95":0,"96":0},"f":{"0":0,"1":0,"2":0,"3":0,"4":0,"5":0,"6":0,"7":0,"8":0,"9":0,"10":0,"11":0,"12":0,"13":0,"14":0,"15":0,"16":0,"17":0,"18":0,"19":0,"20":0,"21":0,"22":0,"23":0,"24":0,"25":0,"26":0,"27":0,"28":0},"b":{"0":[0,0],"1":[0,0],"2":[0,0],"3":[0,0],"4":[0,0],"5":[0,0],"6":[0,0],"7":[0,0],"8":[0,0]}},"/home/aspl/test coverage/backend/controllers/hospitalStaffController.js":{"path":"/home/aspl/test coverage/backend/controllers/hospitalStaffController.js","statementMap":{"0":{"start":{"line":1,"column":23},"end":{"line":1,"column":46}},"1":{"start":{"line":2,"column":27},"end":{"line":2,"column":61}},"2":{"start":{"line":3,"column":23},"end":{"line":3,"column":47}},"3":{"start":{"line":4,"column":17},"end":{"line":4,"column":46}},"4":{"start":{"line":5,"column":20},"end":{"line":5,"column":43}},"5":{"start":{"line":6,"column":16},"end":{"line":6,"column":44}},"6":{"start":{"line":7,"column":15},"end":{"line":7,"column":42}},"7":{"start":{"line":8,"column":18},"end":{"line":8,"column":43}},"8":{"start":{"line":9,"column":13},"end":{"line":9,"column":38}},"9":{"start":{"line":10,"column":14},"end":{"line":10,"column":32}},"10":{"start":{"line":11,"column":19},"end":{"line":11,"column":40}},"11":{"start":{"line":13,"column":0},"end":{"line":30,"column":1}},"12":{"start":{"line":14,"column":4},"end":{"line":29,"column":7}},"13":{"start":{"line":20,"column":0},"end":{"line":20,"column":32}},"14":{"start":{"line":22,"column":6},"end":{"line":24,"column":8}},"15":{"start":{"line":25,"column":8},"end":{"line":25,"column":66}},"16":{"start":{"line":28,"column":8},"end":{"line":28,"column":67}},"17":{"start":{"line":32,"column":0},"end":{"line":43,"column":1}},"18":{"start":{"line":33,"column":4},"end":{"line":42,"column":7}},"19":{"start":{"line":38,"column":8},"end":{"line":38,"column":66}},"20":{"start":{"line":41,"column":8},"end":{"line":41,"column":67}},"21":{"start":{"line":45,"column":0},"end":{"line":59,"column":1}},"22":{"start":{"line":47,"column":4},"end":{"line":58,"column":6}},"23":{"start":{"line":54,"column":8},"end":{"line":54,"column":66}},"24":{"start":{"line":57,"column":8},"end":{"line":57,"column":67}},"25":{"start":{"line":61,"column":0},"end":{"line":133,"column":1}},"26":{"start":{"line":63,"column":19},"end":{"line":63,"column":21}},"27":{"start":{"line":64,"column":14},"end":{"line":64,"column":16}},"28":{"start":{"line":65,"column":28},"end":{"line":65,"column":30}},"29":{"start":{"line":66,"column":24},"end":{"line":66,"column":26}},"30":{"start":{"line":68,"column":4},"end":{"line":68,"column":53}},"31":{"start":{"line":70,"column":8},"end":{"line":132,"column":6}},"32":{"start":{"line":80,"column":12},"end":{"line":82,"column":13}},"33":{"start":{"line":81,"column":15},"end":{"line":81,"column":82}},"34":{"start":{"line":83,"column":12},"end":{"line":83,"column":25}},"35":{"start":{"line":86,"column":12},"end":{"line":127,"column":14}},"36":{"start":{"line":89,"column":16},"end":{"line":126,"column":17}},"37":{"start":{"line":91,"column":14},"end":{"line":106,"column":16}},"38":{"start":{"line":94,"column":14},"end":{"line":104,"column":15}},"39":{"start":{"line":96,"column":16},"end":{"line":103,"column":18}},"40":{"start":{"line":98,"column":20},"end":{"line":98,"column":58}},"41":{"start":{"line":99,"column":20},"end":{"line":99,"column":68}},"42":{"start":{"line":100,"column":20},"end":{"line":100,"column":49}},"43":{"start":{"line":102,"column":20},"end":{"line":102,"column":81}},"44":{"start":{"line":108,"column":20},"end":{"line":108,"column":56}},"45":{"start":{"line":110,"column":20},"end":{"line":125,"column":22}},"46":{"start":{"line":113,"column":24},"end":{"line":124,"column":25}},"47":{"start":{"line":115,"column":25},"end":{"line":115,"column":110}},"48":{"start":{"line":117,"column":25},"end":{"line":122,"column":29}},"49":{"start":{"line":117,"column":36},"end":{"line":117,"column":37}},"50":{"start":{"line":119,"column":28},"end":{"line":119,"column":85}},"51":{"start":{"line":120,"column":28},"end":{"line":121,"column":36}},"52":{"start":{"line":123,"column":25},"end":{"line":123,"column":102}},"53":{"start":{"line":131,"column":8},"end":{"line":131,"column":67}},"54":{"start":{"line":135,"column":0},"end":{"line":183,"column":1}},"55":{"start":{"line":137,"column":19},"end":{"line":137,"column":54}},"56":{"start":{"line":139,"column":20},"end":{"line":146,"column":9}},"57":{"start":{"line":148,"column":7},"end":{"line":182,"column":5}},"58":{"start":{"line":150,"column":30},"end":{"line":150,"column":32}},"59":{"start":{"line":152,"column":8},"end":{"line":177,"column":10}},"60":{"start":{"line":152,"column":19},"end":{"line":152,"column":20}},"61":{"start":{"line":154,"column":35},"end":{"line":162,"column":13}},"62":{"start":{"line":164,"column":16},"end":{"line":176,"column":13}},"63":{"start":{"line":165,"column":20},"end":{"line":165,"column":59}},"64":{"start":{"line":166,"column":20},"end":{"line":166,"column":45}},"65":{"start":{"line":168,"column":20},"end":{"line":173,"column":17}},"66":{"start":{"line":168,"column":32},"end":{"line":168,"column":33}},"67":{"start":{"line":169,"column":20},"end":{"line":169,"column":42}},"68":{"start":{"line":170,"column":20},"end":{"line":170,"column":121}},"69":{"start":{"line":171,"column":20},"end":{"line":171,"column":73}},"70":{"start":{"line":172,"column":20},"end":{"line":172,"column":56}},"71":{"start":{"line":175,"column":16},"end":{"line":175,"column":57}},"72":{"start":{"line":178,"column":9},"end":{"line":178,"column":67}},"73":{"start":{"line":180,"column":9},"end":{"line":180,"column":75}},"74":{"start":{"line":185,"column":0},"end":{"line":199,"column":1}},"75":{"start":{"line":187,"column":4},"end":{"line":197,"column":7}},"76":{"start":{"line":196,"column":6},"end":{"line":196,"column":84}},"77":{"start":{"line":201,"column":0},"end":{"line":255,"column":1}},"78":{"start":{"line":203,"column":29},"end":{"line":203,"column":31}},"79":{"start":{"line":205,"column":23},"end":{"line":205,"column":25}},"80":{"start":{"line":207,"column":4},"end":{"line":253,"column":5}},"81":{"start":{"line":209,"column":8},"end":{"line":209,"column":44}},"82":{"start":{"line":210,"column":8},"end":{"line":210,"column":42}},"83":{"start":{"line":211,"column":8},"end":{"line":211,"column":64}},"84":{"start":{"line":212,"column":8},"end":{"line":212,"column":58}},"85":{"start":{"line":213,"column":8},"end":{"line":213,"column":43}},"86":{"start":{"line":214,"column":8},"end":{"line":214,"column":50}},"87":{"start":{"line":215,"column":8},"end":{"line":215,"column":21}},"88":{"start":{"line":217,"column":8},"end":{"line":252,"column":9}},"89":{"start":{"line":218,"column":8},"end":{"line":225,"column":14}},"90":{"start":{"line":220,"column":16},"end":{"line":220,"column":64}},"91":{"start":{"line":221,"column":16},"end":{"line":221,"column":55}},"92":{"start":{"line":222,"column":16},"end":{"line":222,"column":54}},"93":{"start":{"line":223,"column":16},"end":{"line":223,"column":53}},"94":{"start":{"line":224,"column":16},"end":{"line":224,"column":33}},"95":{"start":{"line":227,"column":12},"end":{"line":227,"column":92}},"96":{"start":{"line":229,"column":12},"end":{"line":236,"column":13}},"97":{"start":{"line":229,"column":23},"end":{"line":229,"column":24}},"98":{"start":{"line":231,"column":15},"end":{"line":231,"column":72}},"99":{"start":{"line":233,"column":15},"end":{"line":235,"column":17}},"100":{"start":{"line":238,"column":12},"end":{"line":251,"column":14}},"101":{"start":{"line":245,"column":16},"end":{"line":249,"column":17}},"102":{"start":{"line":245,"column":27},"end":{"line":245,"column":28}},"103":{"start":{"line":246,"column":20},"end":{"line":246,"column":62}},"104":{"start":{"line":247,"column":20},"end":{"line":247,"column":61}},"105":{"start":{"line":248,"column":20},"end":{"line":248,"column":54}},"106":{"start":{"line":250,"column":16},"end":{"line":250,"column":111}},"107":{"start":{"line":257,"column":0},"end":{"line":325,"column":1}},"108":{"start":{"line":259,"column":16},"end":{"line":259,"column":24}},"109":{"start":{"line":261,"column":2},"end":{"line":321,"column":2}},"110":{"start":{"line":261,"column":13},"end":{"line":261,"column":14}},"111":{"start":{"line":263,"column":22},"end":{"line":263,"column":32}},"112":{"start":{"line":265,"column":22},"end":{"line":265,"column":24}},"113":{"start":{"line":267,"column":18},"end":{"line":267,"column":66}},"114":{"start":{"line":269,"column":8},"end":{"line":272,"column":10}},"115":{"start":{"line":270,"column":12},"end":{"line":270,"column":48}},"116":{"start":{"line":274,"column":5},"end":{"line":320,"column":5}},"117":{"start":{"line":274,"column":17},"end":{"line":274,"column":18}},"118":{"start":{"line":276,"column":19},"end":{"line":276,"column":34}},"119":{"start":{"line":278,"column":29},"end":{"line":283,"column":11}},"120":{"start":{"line":285,"column":11},"end":{"line":285,"column":61}},"121":{"start":{"line":287,"column":11},"end":{"line":319,"column":7}},"122":{"start":{"line":289,"column":26},"end":{"line":289,"column":118}},"123":{"start":{"line":291,"column":18},"end":{"line":291,"column":94}},"124":{"start":{"line":293,"column":18},"end":{"line":293,"column":83}},"125":{"start":{"line":295,"column":18},"end":{"line":295,"column":66}},"126":{"start":{"line":297,"column":19},"end":{"line":315,"column":20}},"127":{"start":{"line":299,"column":19},"end":{"line":299,"column":41}},"128":{"start":{"line":300,"column":25},"end":{"line":315,"column":20}},"129":{"start":{"line":301,"column":19},"end":{"line":301,"column":41}},"130":{"start":{"line":302,"column":25},"end":{"line":315,"column":20}},"131":{"start":{"line":303,"column":19},"end":{"line":303,"column":41}},"132":{"start":{"line":304,"column":25},"end":{"line":315,"column":20}},"133":{"start":{"line":305,"column":19},"end":{"line":305,"column":41}},"134":{"start":{"line":306,"column":25},"end":{"line":315,"column":20}},"135":{"start":{"line":307,"column":19},"end":{"line":307,"column":41}},"136":{"start":{"line":308,"column":25},"end":{"line":315,"column":20}},"137":{"start":{"line":309,"column":19},"end":{"line":309,"column":41}},"138":{"start":{"line":310,"column":19},"end":{"line":310,"column":42}},"139":{"start":{"line":311,"column":25},"end":{"line":315,"column":20}},"140":{"start":{"line":312,"column":19},"end":{"line":312,"column":41}},"141":{"start":{"line":313,"column":25},"end":{"line":315,"column":20}},"142":{"start":{"line":314,"column":19},"end":{"line":314,"column":41}},"143":{"start":{"line":316,"column":19},"end":{"line":316,"column":32}},"144":{"start":{"line":318,"column":12},"end":{"line":318,"column":72}},"145":{"start":{"line":323,"column":1},"end":{"line":323,"column":71}},"146":{"start":{"line":327,"column":0},"end":{"line":393,"column":1}},"147":{"start":{"line":328,"column":10},"end":{"line":328,"column":12}},"148":{"start":{"line":329,"column":14},"end":{"line":329,"column":16}},"149":{"start":{"line":330,"column":22},"end":{"line":330,"column":24}},"150":{"start":{"line":331,"column":0},"end":{"line":331,"column":28}},"151":{"start":{"line":333,"column":0},"end":{"line":392,"column":5}},"152":{"start":{"line":339,"column":4},"end":{"line":341,"column":5}},"153":{"start":{"line":340,"column":7},"end":{"line":340,"column":80}},"154":{"start":{"line":342,"column":4},"end":{"line":342,"column":17}},"155":{"start":{"line":345,"column":4},"end":{"line":391,"column":8}},"156":{"start":{"line":347,"column":8},"end":{"line":351,"column":9}},"157":{"start":{"line":348,"column":12},"end":{"line":348,"column":60}},"158":{"start":{"line":349,"column":25},"end":{"line":349,"column":78}},"159":{"start":{"line":350,"column":12},"end":{"line":350,"column":25}},"160":{"start":{"line":354,"column":8},"end":{"line":358,"column":9}},"161":{"start":{"line":355,"column":12},"end":{"line":355,"column":84}},"162":{"start":{"line":356,"column":25},"end":{"line":356,"column":89}},"163":{"start":{"line":357,"column":12},"end":{"line":357,"column":25}},"164":{"start":{"line":362,"column":4},"end":{"line":390,"column":9}},"165":{"start":{"line":364,"column":26},"end":{"line":372,"column":11}},"166":{"start":{"line":374,"column":27},"end":{"line":380,"column":9}},"167":{"start":{"line":382,"column":8},"end":{"line":389,"column":13}},"168":{"start":{"line":383,"column":12},"end":{"line":388,"column":13}},"169":{"start":{"line":384,"column":14},"end":{"line":384,"column":75}},"170":{"start":{"line":386,"column":14},"end":{"line":386,"column":58}},"171":{"start":{"line":387,"column":14},"end":{"line":387,"column":72}},"172":{"start":{"line":395,"column":0},"end":{"line":426,"column":1}},"173":{"start":{"line":397,"column":16},"end":{"line":397,"column":51}},"174":{"start":{"line":399,"column":4},"end":{"line":425,"column":7}},"175":{"start":{"line":421,"column":6},"end":{"line":421,"column":64}},"176":{"start":{"line":424,"column":8},"end":{"line":424,"column":67}},"177":{"start":{"line":428,"column":0},"end":{"line":442,"column":1}},"178":{"start":{"line":430,"column":4},"end":{"line":440,"column":7}},"179":{"start":{"line":439,"column":6},"end":{"line":439,"column":87}},"180":{"start":{"line":444,"column":0},"end":{"line":484,"column":1}},"181":{"start":{"line":445,"column":17},"end":{"line":445,"column":19}},"182":{"start":{"line":446,"column":4},"end":{"line":483,"column":8}},"183":{"start":{"line":466,"column":9},"end":{"line":479,"column":10}},"184":{"start":{"line":471,"column":12},"end":{"line":473,"column":11}},"185":{"start":{"line":472,"column":13},"end":{"line":472,"column":44}},"186":{"start":{"line":474,"column":9},"end":{"line":474,"column":38}},"187":{"start":{"line":475,"column":9},"end":{"line":475,"column":22}},"188":{"start":{"line":478,"column":12},"end":{"line":478,"column":70}},"189":{"start":{"line":482,"column":9},"end":{"line":482,"column":68}},"190":{"start":{"line":486,"column":0},"end":{"line":527,"column":1}},"191":{"start":{"line":488,"column":1},"end":{"line":526,"column":7}},"192":{"start":{"line":490,"column":8},"end":{"line":490,"column":44}},"193":{"start":{"line":491,"column":8},"end":{"line":491,"column":42}},"194":{"start":{"line":492,"column":8},"end":{"line":492,"column":28}},"195":{"start":{"line":495,"column":25},"end":{"line":495,"column":75}},"196":{"start":{"line":496,"column":8},"end":{"line":496,"column":25}},"197":{"start":{"line":499,"column":8},"end":{"line":499,"column":48}},"198":{"start":{"line":500,"column":8},"end":{"line":500,"column":55}},"199":{"start":{"line":501,"column":8},"end":{"line":501,"column":57}},"200":{"start":{"line":502,"column":8},"end":{"line":502,"column":46}},"201":{"start":{"line":503,"column":8},"end":{"line":503,"column":32}},"202":{"start":{"line":506,"column":33},"end":{"line":510,"column":10}},"203":{"start":{"line":511,"column":7},"end":{"line":511,"column":33}},"204":{"start":{"line":514,"column":29},"end":{"line":514,"column":100}},"205":{"start":{"line":515,"column":8},"end":{"line":515,"column":29}},"206":{"start":{"line":518,"column":8},"end":{"line":518,"column":59}},"207":{"start":{"line":519,"column":8},"end":{"line":519,"column":36}},"208":{"start":{"line":522,"column":8},"end":{"line":522,"column":59}},"209":{"start":{"line":525,"column":8},"end":{"line":525,"column":67}},"210":{"start":{"line":529,"column":0},"end":{"line":547,"column":1}},"211":{"start":{"line":530,"column":4},"end":{"line":546,"column":8}},"212":{"start":{"line":542,"column":9},"end":{"line":542,"column":67}},"213":{"start":{"line":545,"column":9},"end":{"line":545,"column":68}},"214":{"start":{"line":549,"column":0},"end":{"line":573,"column":1}},"215":{"start":{"line":550,"column":4},"end":{"line":572,"column":6}},"216":{"start":{"line":552,"column":8},"end":{"line":552,"column":44}},"217":{"start":{"line":553,"column":8},"end":{"line":553,"column":42}},"218":{"start":{"line":554,"column":8},"end":{"line":554,"column":28}},"219":{"start":{"line":557,"column":5},"end":{"line":571,"column":8}},"220":{"start":{"line":559,"column":8},"end":{"line":559,"column":46}},"221":{"start":{"line":560,"column":8},"end":{"line":560,"column":56}},"222":{"start":{"line":561,"column":8},"end":{"line":561,"column":54}},"223":{"start":{"line":562,"column":8},"end":{"line":562,"column":39}},"224":{"start":{"line":563,"column":8},"end":{"line":563,"column":37}},"225":{"start":{"line":564,"column":8},"end":{"line":564,"column":43}},"226":{"start":{"line":565,"column":8},"end":{"line":565,"column":43}},"227":{"start":{"line":566,"column":8},"end":{"line":566,"column":45}},"228":{"start":{"line":567,"column":8},"end":{"line":567,"column":32}},"229":{"start":{"line":570,"column":9},"end":{"line":570,"column":71}},"230":{"start":{"line":575,"column":0},"end":{"line":602,"column":1}},"231":{"start":{"line":576,"column":10},"end":{"line":576,"column":12}},"232":{"start":{"line":577,"column":14},"end":{"line":577,"column":16}},"233":{"start":{"line":578,"column":0},"end":{"line":578,"column":44}},"234":{"start":{"line":579,"column":0},"end":{"line":601,"column":1}},"235":{"start":{"line":581,"column":0},"end":{"line":598,"column":2}},"236":{"start":{"line":588,"column":1},"end":{"line":597,"column":8}},"237":{"start":{"line":589,"column":4},"end":{"line":589,"column":79}},"238":{"start":{"line":591,"column":1},"end":{"line":597,"column":6}},"239":{"start":{"line":593,"column":8},"end":{"line":593,"column":56}},"240":{"start":{"line":594,"column":8},"end":{"line":597,"column":3}},"241":{"start":{"line":596,"column":0},"end":{"line":596,"column":74}},"242":{"start":{"line":600,"column":0},"end":{"line":600,"column":64}},"243":{"start":{"line":604,"column":0},"end":{"line":661,"column":1}},"244":{"start":{"line":605,"column":16},"end":{"line":605,"column":51}},"245":{"start":{"line":606,"column":21},"end":{"line":606,"column":23}},"246":{"start":{"line":607,"column":4},"end":{"line":660,"column":3}},"247":{"start":{"line":614,"column":8},"end":{"line":659,"column":3}},"248":{"start":{"line":615,"column":12},"end":{"line":617,"column":14}},"249":{"start":{"line":616,"column":16},"end":{"line":616,"column":50}},"250":{"start":{"line":618,"column":8},"end":{"line":658,"column":6}},"251":{"start":{"line":628,"column":7},"end":{"line":634,"column":7}},"252":{"start":{"line":628,"column":18},"end":{"line":628,"column":19}},"253":{"start":{"line":629,"column":11},"end":{"line":629,"column":68}},"254":{"start":{"line":630,"column":11},"end":{"line":630,"column":53}},"255":{"start":{"line":631,"column":11},"end":{"line":631,"column":46}},"256":{"start":{"line":632,"column":11},"end":{"line":632,"column":68}},"257":{"start":{"line":633,"column":11},"end":{"line":633,"column":53}},"258":{"start":{"line":636,"column":12},"end":{"line":651,"column":10}},"259":{"start":{"line":638,"column":16},"end":{"line":650,"column":13}},"260":{"start":{"line":638,"column":27},"end":{"line":638,"column":28}},"261":{"start":{"line":640,"column":16},"end":{"line":649,"column":16}},"262":{"start":{"line":640,"column":26},"end":{"line":640,"column":27}},"263":{"start":{"line":642,"column":17},"end":{"line":648,"column":18}},"264":{"start":{"line":643,"column":20},"end":{"line":643,"column":109}},"265":{"start":{"line":644,"column":20},"end":{"line":644,"column":109}},"266":{"start":{"line":645,"column":20},"end":{"line":645,"column":97}},"267":{"start":{"line":646,"column":20},"end":{"line":646,"column":109}},"268":{"start":{"line":647,"column":20},"end":{"line":647,"column":109}},"269":{"start":{"line":652,"column":9},"end":{"line":652,"column":22}},"270":{"start":{"line":655,"column":8},"end":{"line":655,"column":66}},"271":{"start":{"line":657,"column":8},"end":{"line":657,"column":67}},"272":{"start":{"line":663,"column":0},"end":{"line":669,"column":1}},"273":{"start":{"line":664,"column":4},"end":{"line":668,"column":7}},"274":{"start":{"line":667,"column":6},"end":{"line":667,"column":96}},"275":{"start":{"line":671,"column":0},"end":{"line":698,"column":1}},"276":{"start":{"line":672,"column":25},"end":{"line":681,"column":5}},"277":{"start":{"line":682,"column":0},"end":{"line":697,"column":4}},"278":{"start":{"line":683,"column":4},"end":{"line":686,"column":6}},"279":{"start":{"line":685,"column":8},"end":{"line":685,"column":79}},"280":{"start":{"line":688,"column":4},"end":{"line":696,"column":8}},"281":{"start":{"line":690,"column":8},"end":{"line":691,"column":67}},"282":{"start":{"line":692,"column":8},"end":{"line":692,"column":28}},"283":{"start":{"line":695,"column":8},"end":{"line":695,"column":79}}},"fnMap":{"0":{"name":"(anonymous_0)","decl":{"start":{"line":13,"column":31},"end":{"line":13,"column":32}},"loc":{"start":{"line":13,"column":47},"end":{"line":30,"column":1}},"line":13},"1":{"name":"(anonymous_1)","decl":{"start":{"line":18,"column":11},"end":{"line":18,"column":12}},"loc":{"start":{"line":18,"column":21},"end":{"line":26,"column":5}},"line":18},"2":{"name":"(anonymous_2)","decl":{"start":{"line":27,"column":11},"end":{"line":27,"column":12}},"loc":{"start":{"line":27,"column":18},"end":{"line":29,"column":6}},"line":27},"3":{"name":"(anonymous_3)","decl":{"start":{"line":32,"column":38},"end":{"line":32,"column":39}},"loc":{"start":{"line":32,"column":54},"end":{"line":43,"column":1}},"line":32},"4":{"name":"(anonymous_4)","decl":{"start":{"line":37,"column":11},"end":{"line":37,"column":12}},"loc":{"start":{"line":37,"column":21},"end":{"line":39,"column":5}},"line":37},"5":{"name":"(anonymous_5)","decl":{"start":{"line":40,"column":11},"end":{"line":40,"column":12}},"loc":{"start":{"line":40,"column":18},"end":{"line":42,"column":6}},"line":40},"6":{"name":"(anonymous_6)","decl":{"start":{"line":45,"column":41},"end":{"line":45,"column":42}},"loc":{"start":{"line":45,"column":57},"end":{"line":59,"column":1}},"line":45},"7":{"name":"(anonymous_7)","decl":{"start":{"line":53,"column":10},"end":{"line":53,"column":11}},"loc":{"start":{"line":53,"column":18},"end":{"line":55,"column":5}},"line":53},"8":{"name":"(anonymous_8)","decl":{"start":{"line":56,"column":11},"end":{"line":56,"column":12}},"loc":{"start":{"line":56,"column":16},"end":{"line":58,"column":5}},"line":56},"9":{"name":"(anonymous_9)","decl":{"start":{"line":61,"column":17},"end":{"line":61,"column":18}},"loc":{"start":{"line":61,"column":33},"end":{"line":133,"column":1}},"line":61},"10":{"name":"(anonymous_10)","decl":{"start":{"line":77,"column":16},"end":{"line":77,"column":17}},"loc":{"start":{"line":77,"column":26},"end":{"line":84,"column":9}},"line":77},"11":{"name":"(anonymous_11)","decl":{"start":{"line":84,"column":16},"end":{"line":84,"column":17}},"loc":{"start":{"line":84,"column":24},"end":{"line":128,"column":9}},"line":84},"12":{"name":"(anonymous_12)","decl":{"start":{"line":87,"column":18},"end":{"line":87,"column":19}},"loc":{"start":{"line":87,"column":26},"end":{"line":127,"column":13}},"line":87},"13":{"name":"(anonymous_13)","decl":{"start":{"line":92,"column":20},"end":{"line":92,"column":21}},"loc":{"start":{"line":92,"column":29},"end":{"line":106,"column":15}},"line":92},"14":{"name":"(anonymous_14)","decl":{"start":{"line":96,"column":32},"end":{"line":96,"column":33}},"loc":{"start":{"line":96,"column":46},"end":{"line":103,"column":17}},"line":96},"15":{"name":"(anonymous_15)","decl":{"start":{"line":111,"column":26},"end":{"line":111,"column":27}},"loc":{"start":{"line":111,"column":39},"end":{"line":125,"column":21}},"line":111},"16":{"name":"(anonymous_16)","decl":{"start":{"line":130,"column":11},"end":{"line":130,"column":12}},"loc":{"start":{"line":130,"column":18},"end":{"line":132,"column":5}},"line":130},"17":{"name":"(anonymous_17)","decl":{"start":{"line":135,"column":20},"end":{"line":135,"column":21}},"loc":{"start":{"line":135,"column":42},"end":{"line":183,"column":1}},"line":135},"18":{"name":"(anonymous_18)","decl":{"start":{"line":185,"column":22},"end":{"line":185,"column":23}},"loc":{"start":{"line":185,"column":38},"end":{"line":199,"column":1}},"line":185},"19":{"name":"(anonymous_19)","decl":{"start":{"line":195,"column":10},"end":{"line":195,"column":11}},"loc":{"start":{"line":195,"column":20},"end":{"line":197,"column":5}},"line":195},"20":{"name":"(anonymous_20)","decl":{"start":{"line":201,"column":20},"end":{"line":201,"column":21}},"loc":{"start":{"line":201,"column":36},"end":{"line":255,"column":1}},"line":201},"21":{"name":"(anonymous_21)","decl":{"start":{"line":208,"column":10},"end":{"line":208,"column":11}},"loc":{"start":{"line":208,"column":18},"end":{"line":253,"column":4}},"line":208},"22":{"name":"(anonymous_22)","decl":{"start":{"line":219,"column":20},"end":{"line":219,"column":21}},"loc":{"start":{"line":219,"column":32},"end":{"line":225,"column":13}},"line":219},"23":{"name":"(anonymous_23)","decl":{"start":{"line":234,"column":21},"end":{"line":234,"column":22}},"loc":{"start":{"line":234,"column":47},"end":{"line":235,"column":16}},"line":234},"24":{"name":"(anonymous_24)","decl":{"start":{"line":243,"column":20},"end":{"line":243,"column":21}},"loc":{"start":{"line":243,"column":46},"end":{"line":251,"column":13}},"line":243},"25":{"name":"(anonymous_25)","decl":{"start":{"line":257,"column":31},"end":{"line":257,"column":32}},"loc":{"start":{"line":257,"column":48},"end":{"line":325,"column":1}},"line":257},"26":{"name":"(anonymous_26)","decl":{"start":{"line":269,"column":24},"end":{"line":269,"column":25}},"loc":{"start":{"line":269,"column":38},"end":{"line":272,"column":9}},"line":269},"27":{"name":"(anonymous_27)","decl":{"start":{"line":327,"column":19},"end":{"line":327,"column":20}},"loc":{"start":{"line":327,"column":36},"end":{"line":393,"column":1}},"line":327},"28":{"name":"(anonymous_28)","decl":{"start":{"line":338,"column":8},"end":{"line":338,"column":9}},"loc":{"start":{"line":338,"column":18},"end":{"line":343,"column":1}},"line":338},"29":{"name":"(anonymous_29)","decl":{"start":{"line":344,"column":6},"end":{"line":344,"column":7}},"loc":{"start":{"line":344,"column":14},"end":{"line":392,"column":4}},"line":344},"30":{"name":"(anonymous_30)","decl":{"start":{"line":346,"column":10},"end":{"line":346,"column":11}},"loc":{"start":{"line":346,"column":18},"end":{"line":352,"column":5}},"line":346},"31":{"name":"(anonymous_31)","decl":{"start":{"line":353,"column":10},"end":{"line":353,"column":11}},"loc":{"start":{"line":353,"column":18},"end":{"line":359,"column":5}},"line":353},"32":{"name":"(anonymous_32)","decl":{"start":{"line":360,"column":10},"end":{"line":360,"column":11}},"loc":{"start":{"line":360,"column":18},"end":{"line":391,"column":7}},"line":360},"33":{"name":"(anonymous_33)","decl":{"start":{"line":382,"column":42},"end":{"line":382,"column":43}},"loc":{"start":{"line":382,"column":63},"end":{"line":389,"column":11}},"line":382},"34":{"name":"(anonymous_34)","decl":{"start":{"line":395,"column":27},"end":{"line":395,"column":28}},"loc":{"start":{"line":395,"column":44},"end":{"line":426,"column":1}},"line":395},"35":{"name":"(anonymous_35)","decl":{"start":{"line":420,"column":11},"end":{"line":420,"column":12}},"loc":{"start":{"line":420,"column":21},"end":{"line":422,"column":5}},"line":420},"36":{"name":"(anonymous_36)","decl":{"start":{"line":423,"column":11},"end":{"line":423,"column":12}},"loc":{"start":{"line":423,"column":18},"end":{"line":425,"column":6}},"line":423},"37":{"name":"(anonymous_37)","decl":{"start":{"line":428,"column":33},"end":{"line":428,"column":34}},"loc":{"start":{"line":428,"column":50},"end":{"line":442,"column":1}},"line":428},"38":{"name":"(anonymous_38)","decl":{"start":{"line":438,"column":10},"end":{"line":438,"column":11}},"loc":{"start":{"line":438,"column":20},"end":{"line":440,"column":5}},"line":438},"39":{"name":"(anonymous_39)","decl":{"start":{"line":444,"column":25},"end":{"line":444,"column":26}},"loc":{"start":{"line":444,"column":41},"end":{"line":484,"column":1}},"line":444},"40":{"name":"(anonymous_40)","decl":{"start":{"line":465,"column":11},"end":{"line":465,"column":12}},"loc":{"start":{"line":465,"column":19},"end":{"line":480,"column":6}},"line":465},"41":{"name":"(anonymous_41)","decl":{"start":{"line":470,"column":16},"end":{"line":470,"column":17}},"loc":{"start":{"line":470,"column":26},"end":{"line":476,"column":10}},"line":470},"42":{"name":"(anonymous_42)","decl":{"start":{"line":471,"column":28},"end":{"line":471,"column":29}},"loc":{"start":{"line":471,"column":42},"end":{"line":473,"column":10}},"line":471},"43":{"name":"(anonymous_43)","decl":{"start":{"line":477,"column":15},"end":{"line":477,"column":16}},"loc":{"start":{"line":477,"column":25},"end":{"line":479,"column":9}},"line":477},"44":{"name":"(anonymous_44)","decl":{"start":{"line":481,"column":12},"end":{"line":481,"column":13}},"loc":{"start":{"line":481,"column":19},"end":{"line":483,"column":7}},"line":481},"45":{"name":"(anonymous_45)","decl":{"start":{"line":486,"column":28},"end":{"line":486,"column":29}},"loc":{"start":{"line":486,"column":44},"end":{"line":527,"column":1}},"line":486},"46":{"name":"(anonymous_46)","decl":{"start":{"line":489,"column":10},"end":{"line":489,"column":11}},"loc":{"start":{"line":489,"column":18},"end":{"line":493,"column":6}},"line":489},"47":{"name":"(anonymous_47)","decl":{"start":{"line":494,"column":11},"end":{"line":494,"column":12}},"loc":{"start":{"line":494,"column":19},"end":{"line":497,"column":6}},"line":494},"48":{"name":"(anonymous_48)","decl":{"start":{"line":498,"column":11},"end":{"line":498,"column":12}},"loc":{"start":{"line":498,"column":23},"end":{"line":504,"column":6}},"line":498},"49":{"name":"(anonymous_49)","decl":{"start":{"line":505,"column":11},"end":{"line":505,"column":12}},"loc":{"start":{"line":505,"column":23},"end":{"line":512,"column":6}},"line":505},"50":{"name":"(anonymous_50)","decl":{"start":{"line":513,"column":11},"end":{"line":513,"column":12}},"loc":{"start":{"line":513,"column":33},"end":{"line":516,"column":6}},"line":513},"51":{"name":"(anonymous_51)","decl":{"start":{"line":517,"column":11},"end":{"line":517,"column":12}},"loc":{"start":{"line":517,"column":27},"end":{"line":520,"column":6}},"line":517},"52":{"name":"(anonymous_52)","decl":{"start":{"line":521,"column":11},"end":{"line":521,"column":12}},"loc":{"start":{"line":521,"column":19},"end":{"line":523,"column":6}},"line":521},"53":{"name":"(anonymous_53)","decl":{"start":{"line":524,"column":12},"end":{"line":524,"column":13}},"loc":{"start":{"line":524,"column":19},"end":{"line":526,"column":6}},"line":524},"54":{"name":"(anonymous_54)","decl":{"start":{"line":529,"column":28},"end":{"line":529,"column":29}},"loc":{"start":{"line":529,"column":44},"end":{"line":547,"column":1}},"line":529},"55":{"name":"(anonymous_55)","decl":{"start":{"line":541,"column":12},"end":{"line":541,"column":13}},"loc":{"start":{"line":541,"column":22},"end":{"line":543,"column":6}},"line":541},"56":{"name":"(anonymous_56)","decl":{"start":{"line":544,"column":12},"end":{"line":544,"column":13}},"loc":{"start":{"line":544,"column":19},"end":{"line":546,"column":7}},"line":544},"57":{"name":"(anonymous_57)","decl":{"start":{"line":549,"column":31},"end":{"line":549,"column":32}},"loc":{"start":{"line":549,"column":47},"end":{"line":573,"column":1}},"line":549},"58":{"name":"(anonymous_58)","decl":{"start":{"line":551,"column":10},"end":{"line":551,"column":11}},"loc":{"start":{"line":551,"column":18},"end":{"line":555,"column":5}},"line":551},"59":{"name":"(anonymous_59)","decl":{"start":{"line":556,"column":10},"end":{"line":556,"column":11}},"loc":{"start":{"line":556,"column":18},"end":{"line":572,"column":5}},"line":556},"60":{"name":"(anonymous_60)","decl":{"start":{"line":558,"column":11},"end":{"line":558,"column":12}},"loc":{"start":{"line":558,"column":23},"end":{"line":568,"column":7}},"line":558},"61":{"name":"(anonymous_61)","decl":{"start":{"line":569,"column":11},"end":{"line":569,"column":12}},"loc":{"start":{"line":569,"column":23},"end":{"line":571,"column":7}},"line":569},"62":{"name":"(anonymous_62)","decl":{"start":{"line":575,"column":32},"end":{"line":575,"column":33}},"loc":{"start":{"line":575,"column":48},"end":{"line":602,"column":1}},"line":575},"63":{"name":"(anonymous_63)","decl":{"start":{"line":587,"column":6},"end":{"line":587,"column":7}},"loc":{"start":{"line":587,"column":14},"end":{"line":598,"column":1}},"line":587},"64":{"name":"(anonymous_64)","decl":{"start":{"line":592,"column":7},"end":{"line":592,"column":8}},"loc":{"start":{"line":592,"column":15},"end":{"line":597,"column":5}},"line":592},"65":{"name":"(anonymous_65)","decl":{"start":{"line":595,"column":14},"end":{"line":595,"column":15}},"loc":{"start":{"line":595,"column":23},"end":{"line":597,"column":2}},"line":595},"66":{"name":"(anonymous_66)","decl":{"start":{"line":604,"column":28},"end":{"line":604,"column":29}},"loc":{"start":{"line":604,"column":44},"end":{"line":661,"column":1}},"line":604},"67":{"name":"(anonymous_67)","decl":{"start":{"line":613,"column":12},"end":{"line":613,"column":13}},"loc":{"start":{"line":613,"column":20},"end":{"line":660,"column":2}},"line":613},"68":{"name":"(anonymous_68)","decl":{"start":{"line":615,"column":27},"end":{"line":615,"column":28}},"loc":{"start":{"line":615,"column":41},"end":{"line":617,"column":13}},"line":615},"69":{"name":"(anonymous_69)","decl":{"start":{"line":626,"column":15},"end":{"line":626,"column":16}},"loc":{"start":{"line":626,"column":40},"end":{"line":653,"column":5}},"line":626},"70":{"name":"(anonymous_70)","decl":{"start":{"line":654,"column":10},"end":{"line":654,"column":11}},"loc":{"start":{"line":654,"column":20},"end":{"line":656,"column":6}},"line":654},"71":{"name":"(anonymous_71)","decl":{"start":{"line":656,"column":14},"end":{"line":656,"column":15}},"loc":{"start":{"line":656,"column":21},"end":{"line":658,"column":5}},"line":656},"72":{"name":"(anonymous_72)","decl":{"start":{"line":663,"column":35},"end":{"line":663,"column":36}},"loc":{"start":{"line":663,"column":52},"end":{"line":669,"column":1}},"line":663},"73":{"name":"(anonymous_73)","decl":{"start":{"line":666,"column":10},"end":{"line":666,"column":11}},"loc":{"start":{"line":666,"column":20},"end":{"line":668,"column":5}},"line":666},"74":{"name":"(anonymous_74)","decl":{"start":{"line":671,"column":40},"end":{"line":671,"column":41}},"loc":{"start":{"line":671,"column":57},"end":{"line":698,"column":1}},"line":671},"75":{"name":"(anonymous_75)","decl":{"start":{"line":684,"column":10},"end":{"line":684,"column":11}},"loc":{"start":{"line":684,"column":18},"end":{"line":686,"column":5}},"line":684},"76":{"name":"(anonymous_76)","decl":{"start":{"line":689,"column":11},"end":{"line":689,"column":12}},"loc":{"start":{"line":689,"column":19},"end":{"line":693,"column":7}},"line":689},"77":{"name":"(anonymous_77)","decl":{"start":{"line":694,"column":12},"end":{"line":694,"column":13}},"loc":{"start":{"line":694,"column":21},"end":{"line":696,"column":7}},"line":694}},"branchMap":{"0":{"loc":{"start":{"line":80,"column":12},"end":{"line":82,"column":13}},"type":"if","locations":[{"start":{"line":80,"column":12},"end":{"line":82,"column":13}},{"start":{"line":80,"column":12},"end":{"line":82,"column":13}}],"line":80},"1":{"loc":{"start":{"line":89,"column":16},"end":{"line":126,"column":17}},"type":"if","locations":[{"start":{"line":89,"column":16},"end":{"line":126,"column":17}},{"start":{"line":89,"column":16},"end":{"line":126,"column":17}}],"line":89},"2":{"loc":{"start":{"line":94,"column":14},"end":{"line":104,"column":15}},"type":"if","locations":[{"start":{"line":94,"column":14},"end":{"line":104,"column":15}},{"start":{"line":94,"column":14},"end":{"line":104,"column":15}}],"line":94},"3":{"loc":{"start":{"line":113,"column":24},"end":{"line":124,"column":25}},"type":"if","locations":[{"start":{"line":113,"column":24},"end":{"line":124,"column":25}},{"start":{"line":113,"column":24},"end":{"line":124,"column":25}}],"line":113},"4":{"loc":{"start":{"line":148,"column":7},"end":{"line":182,"column":5}},"type":"if","locations":[{"start":{"line":148,"column":7},"end":{"line":182,"column":5}},{"start":{"line":148,"column":7},"end":{"line":182,"column":5}}],"line":148},"5":{"loc":{"start":{"line":164,"column":16},"end":{"line":176,"column":13}},"type":"if","locations":[{"start":{"line":164,"column":16},"end":{"line":176,"column":13}},{"start":{"line":164,"column":16},"end":{"line":176,"column":13}}],"line":164},"6":{"loc":{"start":{"line":217,"column":8},"end":{"line":252,"column":9}},"type":"if","locations":[{"start":{"line":217,"column":8},"end":{"line":252,"column":9}},{"start":{"line":217,"column":8},"end":{"line":252,"column":9}}],"line":217},"7":{"loc":{"start":{"line":287,"column":11},"end":{"line":319,"column":7}},"type":"if","locations":[{"start":{"line":287,"column":11},"end":{"line":319,"column":7}},{"start":{"line":287,"column":11},"end":{"line":319,"column":7}}],"line":287},"8":{"loc":{"start":{"line":297,"column":19},"end":{"line":315,"column":20}},"type":"if","locations":[{"start":{"line":297,"column":19},"end":{"line":315,"column":20}},{"start":{"line":297,"column":19},"end":{"line":315,"column":20}}],"line":297},"9":{"loc":{"start":{"line":297,"column":22},"end":{"line":297,"column":140}},"type":"binary-expr","locations":[{"start":{"line":297,"column":22},"end":{"line":297,"column":59}},{"start":{"line":297,"column":63},"end":{"line":297,"column":93}},{"start":{"line":297,"column":98},"end":{"line":297,"column":140}}],"line":297},"10":{"loc":{"start":{"line":300,"column":25},"end":{"line":315,"column":20}},"type":"if","locations":[{"start":{"line":300,"column":25},"end":{"line":315,"column":20}},{"start":{"line":300,"column":25},"end":{"line":315,"column":20}}],"line":300},"11":{"loc":{"start":{"line":300,"column":28},"end":{"line":300,"column":145}},"type":"binary-expr","locations":[{"start":{"line":300,"column":28},"end":{"line":300,"column":65}},{"start":{"line":300,"column":69},"end":{"line":300,"column":99}},{"start":{"line":300,"column":103},"end":{"line":300,"column":145}}],"line":300},"12":{"loc":{"start":{"line":302,"column":25},"end":{"line":315,"column":20}},"type":"if","locations":[{"start":{"line":302,"column":25},"end":{"line":315,"column":20}},{"start":{"line":302,"column":25},"end":{"line":315,"column":20}}],"line":302},"13":{"loc":{"start":{"line":302,"column":29},"end":{"line":302,"column":148}},"type":"binary-expr","locations":[{"start":{"line":302,"column":29},"end":{"line":302,"column":67}},{"start":{"line":302,"column":71},"end":{"line":302,"column":113}},{"start":{"line":302,"column":118},"end":{"line":302,"column":148}}],"line":302},"14":{"loc":{"start":{"line":304,"column":25},"end":{"line":315,"column":20}},"type":"if","locations":[{"start":{"line":304,"column":25},"end":{"line":315,"column":20}},{"start":{"line":304,"column":25},"end":{"line":315,"column":20}}],"line":304},"15":{"loc":{"start":{"line":304,"column":29},"end":{"line":304,"column":148}},"type":"binary-expr","locations":[{"start":{"line":304,"column":29},"end":{"line":304,"column":66}},{"start":{"line":304,"column":70},"end":{"line":304,"column":114}},{"start":{"line":304,"column":118},"end":{"line":304,"column":148}}],"line":304},"16":{"loc":{"start":{"line":306,"column":25},"end"
[...]
ntRoutes.js":{"path":"/home/aspl/test coverage/backend/routes/patientRoutes.js","statementMap":{"0":{"start":{"line":1,"column":16},"end":{"line":1,"column":34}},"1":{"start":{"line":2,"column":26},"end":{"line":2,"column":68}},"2":{"start":{"line":3,"column":26},"end":{"line":3,"column":69}},"3":{"start":{"line":5,"column":16},"end":{"line":5,"column":32}},"4":{"start":{"line":7,"column":0},"end":{"line":7,"column":88}},"5":{"start":{"line":9,"column":0},"end":{"line":9,"column":92}},"6":{"start":{"line":11,"column":0},"end":{"line":11,"column":112}},"7":{"start":{"line":13,"column":0},"end":{"line":13,"column":75}},"8":{"start":{"line":15,"column":0},"end":{"line":15,"column":89}},"9":{"start":{"line":17,"column":0},"end":{"line":17,"column":66}},"10":{"start":{"line":19,"column":0},"end":{"line":19,"column":107}},"11":{"start":{"line":21,"column":0},"end":{"line":21,"column":100}},"12":{"start":{"line":23,"column":0},"end":{"line":23,"column":96}},"13":{"start":{"line":25,"column":0},"end":{"line":25,"column":98}},"14":{"start":{"line":27,"column":0},"end":{"line":27,"column":98}},"15":{"start":{"line":29,"column":0},"end":{"line":29,"column":118}},"16":{"start":{"line":31,"column":0},"end":{"line":31,"column":112}},"17":{"start":{"line":33,"column":0},"end":{"line":33,"column":102}},"18":{"start":{"line":35,"column":0},"end":{"line":35,"column":149}},"19":{"start":{"line":37,"column":0},"end":{"line":37,"column":140}},"20":{"start":{"line":39,"column":0},"end":{"line":39,"column":134}},"21":{"start":{"line":41,"column":0},"end":{"line":41,"column":136}},"22":{"start":{"line":43,"column":0},"end":{"line":43,"column":136}},"23":{"start":{"line":45,"column":0},"end":{"line":45,"column":167}},"24":{"start":{"line":47,"column":0},"end":{"line":47,"column":158}},"25":{"start":{"line":49,"column":0},"end":{"line":49,"column":142}},"26":{"start":{"line":51,"column":0},"end":{"line":51,"column":63}},"27":{"start":{"line":53,"column":0},"end":{"line":53,"column":100}},"28":{"start":{"line":55,"column":0},"end":{"line":55,"column":110}},"29":{"start":{"line":57,"column":0},"end":{"line":57,"column":121}},"30":{"start":{"line":59,"column":0},"end":{"line":59,"column":105}},"31":{"start":{"line":61,"column":0},"end":{"line":61,"column":23}}},"fnMap":{},"branchMap":{},"s":{"0":0,"1":0,"2":0,"3":0,"4":0,"5":0,"6":0,"7":0,"8":0,"9":0,"10":0,"11":0,"12":0,"13":0,"14":0,"15":0,"16":0,"17":0,"18":0,"19":0,"20":0,"21":0,"22":0,"23":0,"24":0,"25":0,"26":0,"27":0,"28":0,"29":0,"30":0,"31":0},"f":{},"b":{}},"/home/aspl/test coverage/backend/sequelize.js":{"path":"/home/aspl/test coverage/backend/sequelize.js","statementMap":{"0":{"start":{"line":2,"column":16},"end":{"line":2,"column":36}},"1":{"start":{"line":6,"column":14},"end":{"line":6,"column":41}},"2":{"start":{"line":9,"column":20},"end":{"line":9,"column":53}},"3":{"start":{"line":13,"column":12},"end":{"line":13,"column":37}},"4":{"start":{"line":16,"column":14},"end":{"line":16,"column":41}},"5":{"start":{"line":19,"column":15},"end":{"line":19,"column":43}},"6":{"start":{"line":22,"column":18},"end":{"line":22,"column":49}},"7":{"start":{"line":25,"column":16},"end":{"line":25,"column":45}},"8":{"start":{"line":28,"column":14},"end":{"line":28,"column":41}},"9":{"start":{"line":31,"column":15},"end":{"line":31,"column":43}},"10":{"start":{"line":34,"column":17},"end":{"line":34,"column":47}},"11":{"start":{"line":37,"column":22},"end":{"line":37,"column":57}},"12":{"start":{"line":40,"column":25},"end":{"line":40,"column":63}},"13":{"start":{"line":43,"column":15},"end":{"line":43,"column":43}},"14":{"start":{"line":46,"column":14},"end":{"line":46,"column":41}},"15":{"start":{"line":49,"column":21},"end":{"line":49,"column":51}},"16":{"start":{"line":52,"column":17},"end":{"line":52,"column":41}},"17":{"start":{"line":55,"column":22},"end":{"line":55,"column":55}},"18":{"start":{"line":59,"column":28},"end":{"line":59,"column":63}},"19":{"start":{"line":63,"column":17},"end":{"line":63,"column":42}},"20":{"start":{"line":66,"column":22},"end":{"line":66,"column":51}},"21":{"start":{"line":69,"column":23},"end":{"line":69,"column":53}},"22":{"start":{"line":73,"column":18},"end":{"line":73,"column":43}},"23":{"start":{"line":76,"column":27},"end":{"line":76,"column":61}},"24":{"start":{"line":79,"column":39},"end":{"line":79,"column":85}},"25":{"start":{"line":82,"column":34},"end":{"line":82,"column":75}},"26":{"start":{"line":85,"column":35},"end":{"line":85,"column":81}},"27":{"start":{"line":88,"column":29},"end":{"line":88,"column":68}},"28":{"start":{"line":91,"column":23},"end":{"line":91,"column":53}},"29":{"start":{"line":94,"column":20},"end":{"line":94,"column":53}},"30":{"start":{"line":97,"column":28},"end":{"line":97,"column":63}},"31":{"start":{"line":101,"column":31},"end":{"line":101,"column":69}},"32":{"start":{"line":110,"column":18},"end":{"line":114,"column":4}},"33":{"start":{"line":116,"column":19},"end":{"line":116,"column":48}},"34":{"start":{"line":118,"column":25},"end":{"line":118,"column":60}},"35":{"start":{"line":119,"column":17},"end":{"line":119,"column":44}},"36":{"start":{"line":120,"column":19},"end":{"line":120,"column":48}},"37":{"start":{"line":121,"column":20},"end":{"line":121,"column":50}},"38":{"start":{"line":122,"column":23},"end":{"line":122,"column":56}},"39":{"start":{"line":123,"column":21},"end":{"line":123,"column":52}},"40":{"start":{"line":124,"column":19},"end":{"line":124,"column":48}},"41":{"start":{"line":125,"column":20},"end":{"line":125,"column":50}},"42":{"start":{"line":126,"column":20},"end":{"line":126,"column":50}},"43":{"start":{"line":127,"column":22},"end":{"line":127,"column":54}},"44":{"start":{"line":128,"column":27},"end":{"line":128,"column":64}},"45":{"start":{"line":129,"column":30},"end":{"line":129,"column":70}},"46":{"start":{"line":130,"column":20},"end":{"line":130,"column":55}},"47":{"start":{"line":131,"column":16},"end":{"line":131,"column":47}},"48":{"start":{"line":132,"column":21},"end":{"line":132,"column":57}},"49":{"start":{"line":133,"column":16},"end":{"line":133,"column":47}},"50":{"start":{"line":134,"column":34},"end":{"line":134,"column":83}},"51":{"start":{"line":135,"column":27},"end":{"line":135,"column":69}},"52":{"start":{"line":136,"column":21},"end":{"line":136,"column":57}},"53":{"start":{"line":137,"column":21},"end":{"line":137,"column":58}},"54":{"start":{"line":138,"column":25},"end":{"line":138,"column":66}},"55":{"start":{"line":139,"column":37},"end":{"line":139,"column":90}},"56":{"start":{"line":140,"column":32},"end":{"line":140,"column":80}},"57":{"start":{"line":141,"column":17},"end":{"line":141,"column":49}},"58":{"start":{"line":142,"column":28},"end":{"line":142,"column":71}},"59":{"start":{"line":143,"column":22},"end":{"line":143,"column":59}},"60":{"start":{"line":144,"column":25},"end":{"line":144,"column":59}},"61":{"start":{"line":145,"column":27},"end":{"line":145,"column":69}},"62":{"start":{"line":146,"column":30},"end":{"line":146,"column":75}},"63":{"start":{"line":147,"column":0},"end":{"line":149,"column":3}},"64":{"start":{"line":151,"column":0},"end":{"line":183,"column":2}}},"fnMap":{"0":{"name":"(anonymous_0)","decl":{"start":{"line":147,"column":22},"end":{"line":147,"column":23}},"loc":{"start":{"line":147,"column":28},"end":{"line":147,"column":30}},"line":147},"1":{"name":"(anonymous_1)","decl":{"start":{"line":147,"column":40},"end":{"line":147,"column":41}},"loc":{"start":{"line":147,"column":46},"end":{"line":149,"column":1}},"line":147}},"branchMap":{},"s":{"0":0,"1":0,"2":0,"3":0,"4":0,"5":0,"6":0,"7":0,"8":0,"9":0,"10":0,"11":0,"12":0,"13":0,"14":0,"15":0,"16":0,"17":0,"18":0,"19":0,"20":0,"21":0,"22":0,"23":0,"24":0,"25":0,"26":0,"27":0,"28":0,"29":0,"30":0,"31":0,"32":0,"33":0,"34":0,"35":0,"36":0,"37":0,"38":0,"39":0,"40":0,"41":0,"42":0,"43":0,"44":0,"45":0,"46":0,"47":0,"48":0,"49":0,"50":0,"51":0,"52":0,"53":0,"54":0,"55":0,"56":0,"57":0,"58":0,"59":0,"60":0,"61":0,"62":0,"63":0,"64":0},"f":{"0":0,"1":0},"b":{}},"/home/aspl/test coverage/backend/server.js":{"path":"/home/aspl/test coverage/backend/server.js","statementMap":{"0":{"start":{"line":5,"column":0},"end":{"line":5,"column":27}},"1":{"start":{"line":6,"column":12},"end":{"line":6,"column":21}},"2":{"start":{"line":8,"column":16},"end":{"line":8,"column":49}},"3":{"start":{"line":9,"column":16},"end":{"line":9,"column":50}},"4":{"start":{"line":10,"column":17},"end":{"line":10,"column":57}},"5":{"start":{"line":11,"column":17},"end":{"line":11,"column":56}},"6":{"start":{"line":13,"column":0},"end":{"line":13,"column":35}},"7":{"start":{"line":14,"column":17},"end":{"line":14,"column":45}},"8":{"start":{"line":16,"column":0},"end":{"line":16,"column":16}},"9":{"start":{"line":17,"column":0},"end":{"line":17,"column":51}},"10":{"start":{"line":18,"column":0},"end":{"line":18,"column":27}},"11":{"start":{"line":19,"column":0},"end":{"line":19,"column":23}},"12":{"start":{"line":21,"column":0},"end":{"line":21,"column":27}},"13":{"start":{"line":22,"column":0},"end":{"line":22,"column":28}},"14":{"start":{"line":23,"column":0},"end":{"line":23,"column":35}},"15":{"start":{"line":24,"column":0},"end":{"line":24,"column":34}},"16":{"start":{"line":26,"column":0},"end":{"line":26,"column":35}},"17":{"start":{"line":27,"column":0},"end":{"line":27,"column":33}},"18":{"start":{"line":28,"column":0},"end":{"line":28,"column":34}},"19":{"start":{"line":33,"column":0},"end":{"line":33,"column":73}},"20":{"start":{"line":33,"column":27},"end":{"line":33,"column":71}},"21":{"start":{"line":35,"column":0},"end":{"line":35,"column":21}}},"fnMap":{"0":{"name":"(anonymous_0)","decl":{"start":{"line":33,"column":21},"end":{"line":33,"column":22}},"loc":{"start":{"line":33,"column":27},"end":{"line":33,"column":71}},"line":33}},"branchMap":{"0":{"loc":{"start":{"line":14,"column":17},"end":{"line":14,"column":45}},"type":"binary-expr","locations":[{"start":{"line":14,"column":17},"end":{"line":14,"column":37}},{"start":{"line":14,"column":41},"end":{"line":14,"column":45}}],"line":14}},"s":{"0":0,"1":0,"2":0,"3":0,"4":0,"5":0,"6":0,"7":0,"8":0,"9":0,"10":0,"11":0,"12":0,"13":0,"14":0,"15":0,"16":0,"17":0,"18":0,"19":0,"20":0,"21":0},"f":{"0":0},"b":{"0":[0,0]}},"/home/aspl/test coverage/backend/spec/specs.js":{"path":"/home/aspl/test coverage/backend/spec/specs.js","statementMap":{"0":{"start":{"line":1,"column":16},"end":{"line":1,"column":34}},"1":{"start":{"line":2,"column":31},"end":{"line":2,"column":66}},"2":{"start":{"line":3,"column":16},"end":{"line":3,"column":29}},"3":{"start":{"line":4,"column":15},"end":{"line":10,"column":2}},"4":{"start":{"line":11,"column":0},"end":{"line":11,"column":30}},"5":{"start":{"line":12,"column":0},"end":{"line":12,"column":25}},"6":{"start":{"line":15,"column":0},"end":{"line":15,"column":52}},"7":{"start":{"line":29,"column":0},"end":{"line":29,"column":18}}},"fnMap":{},"branchMap":{},"s":{"0":0,"1":0,"2":0,"3":0,"4":0,"5":0,"6":0,"7":0},"f":{},"b":{}},"/home/aspl/test coverage/backend/spec/unit/hospital.spec.js":{"path":"/home/aspl/test coverage/backend/spec/unit/hospital.spec.js","statementMap":{"0":{"start":{"line":1,"column":15},"end":{"line":1,"column":62}},"1":{"start":{"line":4,"column":0},"end":{"line":19,"column":4}},"2":{"start":{"line":9,"column":2},"end":{"line":18,"column":8}},"3":{"start":{"line":11,"column":5},"end":{"line":11,"column":9}},"4":{"start":{"line":12,"column":5},"end":{"line":12,"column":9}},"5":{"start":{"line":14,"column":19},"end":{"line":14,"column":36}},"6":{"start":{"line":16,"column":6},"end":{"line":16,"column":33}},"7":{"start":{"line":23,"column":0},"end":{"line":42,"column":2}},"8":{"start":{"line":27,"column":0},"end":{"line":41,"column":6}},"9":{"start":{"line":29,"column":4},"end":{"line":35,"column":7}},"10":{"start":{"line":37,"column":17},"end":{"line":37,"column":75}},"11":{"start":{"line":39,"column":4},"end":{"line":39,"column":39}}},"fnMap":{"0":{"name":"(anonymous_0)","decl":{"start":{"line":4,"column":17},"end":{"line":4,"column":18}},"loc":{"start":{"line":4,"column":27},"end":{"line":19,"column":3}},"line":4},"1":{"name":"(anonymous_1)","decl":{"start":{"line":9,"column":13},"end":{"line":9,"column":14}},"loc":{"start":{"line":9,"column":23},"end":{"line":18,"column":6}},"line":9},"2":{"name":"(anonymous_2)","decl":{"start":{"line":23,"column":39},"end":{"line":23,"column":40}},"loc":{"start":{"line":23,"column":49},"end":{"line":42,"column":1}},"line":23},"3":{"name":"(anonymous_3)","decl":{"start":{"line":27,"column":34},"end":{"line":27,"column":35}},"loc":{"start":{"line":27,"column":44},"end":{"line":41,"column":4}},"line":27}},"branchMap":{},"s":{"0":0,"1":0,"2":0,"3":0,"4":0,"5":0,"6":0,"7":0,"8":0,"9":0,"10":0,"11":0},"f":{"0":0,"1":0,"2":0,"3":0},"b":{}},"/home/aspl/test coverage/backend/validation/patientValidation.js":{"path":"/home/aspl/test coverage/backend/validation/patientValidation.js","statementMap":{"0":{"start":{"line":1,"column":15},"end":{"line":1,"column":49}},"1":{"start":{"line":2,"column":17},"end":{"line":2,"column":46}},"2":{"start":{"line":5,"column":2},"end":{"line":23,"column":3}},"3":{"start":{"line":27,"column":2},"end":{"line":43,"column":3}},"4":{"start":{"line":47,"column":2},"end":{"line":63,"column":3}},"5":{"start":{"line":67,"column":2},"end":{"line":83,"column":3}},"6":{"start":{"line":87,"column":2},"end":{"line":104,"column":3}},"7":{"start":{"line":108,"column":2},"end":{"line":122,"column":3}},"8":{"start":{"line":126,"column":0},"end":{"line":133,"column":1}},"9":{"start":{"line":137,"column":2},"end":{"line":141,"column":3}},"10":{"start":{"line":145,"column":2},"end":{"line":153,"column":3}},"11":{"start":{"line":157,"column":2},"end":{"line":163,"column":3}},"12":{"start":{"line":167,"column":2},"end":{"line":179,"column":3}},"13":{"start":{"line":183,"column":2},"end":{"line":193,"column":3}},"14":{"start":{"line":197,"column":2},"end":{"line":221,"column":3}},"15":{"start":{"line":225,"column":2},"end":{"line":247,"column":3}},"16":{"start":{"line":251,"column":2},"end":{"line":291,"column":3}},"17":{"start":{"line":295,"column":2},"end":{"line":333,"column":3}},"18":{"start":{"line":336,"column":0},"end":{"line":384,"column":1}},"19":{"start":{"line":337,"column":0},"end":{"line":383,"column":3}},"20":{"start":{"line":339,"column":5},"end":{"line":348,"column":5}},"21":{"start":{"line":350,"column":4},"end":{"line":350,"column":10}},"22":{"start":{"line":352,"column":4},"end":{"line":352,"column":38}},"23":{"start":{"line":354,"column":4},"end":{"line":354,"column":10}},"24":{"start":{"line":356,"column":4},"end":{"line":356,"column":37}},"25":{"start":{"line":358,"column":4},"end":{"line":358,"column":10}},"26":{"start":{"line":360,"column":4},"end":{"line":360,"column":33}},"27":{"start":{"line":362,"column":4},"end":{"line":362,"column":10}},"28":{"start":{"line":364,"column":4},"end":{"line":364,"column":34}},"29":{"start":{"line":366,"column":4},"end":{"line":366,"column":10}},"30":{"start":{"line":368,"column":4},"end":{"line":368,"column":34}},"31":{"start":{"line":370,"column":4},"end":{"line":370,"column":10}},"32":{"start":{"line":372,"column":4},"end":{"line":372,"column":41}},"33":{"start":{"line":374,"column":4},"end":{"line":374,"column":10}},"34":{"start":{"line":376,"column":4},"end":{"line":376,"column":36}},"35":{"start":{"line":378,"column":4},"end":{"line":378,"column":10}},"36":{"start":{"line":380,"column":4},"end":{"line":380,"column":44}},"37":{"start":{"line":382,"column":4},"end":{"line":382,"column":10}}},"fnMap":{"0":{"name":"saveValidateBabyAppears","decl":{"start":{"line":4,"column":9},"end":{"line":4,"column":32}},"loc":{"start":{"line":4,"column":34},"end":{"line":24,"column":1}},"line":4},"1":{"name":"updateValidateBabyAppears","decl":{"start":{"line":26,"column":9},"end":{"line":26,"column":34}},"loc":{"start":{"line":26,"column":36},"end":{"line":44,"column":1}},"line":26},"2":{"name":"saveValidationBabyResp","decl":{"start":{"line":46,"column":9},"end":{"line":46,"column":31}},"loc":{"start":{"line":46,"column":33},"end":{"line":64,"column":1}},"line":46},"3":{"name":"updateValidationBabyResp","decl":{"start":{"line":66,"column":9},"end":{"line":66,"column":33}},"loc":{"start":{"line":66,"column":35},"end":{"line":84,"column":1}},"line":66},"4":{"name":"saveValidateBabyCV","decl":{"start":{"line":86,"column":9},"end":{"line":86,"column":27}},"loc":{"start":{"line":86,"column":29},"end":{"line":105,"column":1}},"line":86},"5":{"name":"updateValidateBabyCV","decl":{"start":{"line":107,"column":9},"end":{"line":107,"column":29}},"loc":{"start":{"line":107,"column":31},"end":{"line":123,"column":1}},"line":107},"6":{"name":"saveValidateBabyCNS","decl":{"start":{"line":125,"column":9},"end":{"line":125,"column":28}},"loc":{"start":{"line":125,"column":30},"end":{"line":134,"column":1}},"line":125},"7":{"name":"updateValidateBabyCNS","decl":{"start":{"line":136,"column":9},"end":{"line":136,"column":30}},"loc":{"start":{"line":136,"column":32},"end":{"line":142,"column":1}},"line":136},"8":{"name":"saveValidateBabyGIT","decl":{"start":{"line":144,"column":9},"end":{"line":144,"column":28}},"loc":{"start":{"line":144,"column":30},"end":{"line":154,"column":1}},"line":144},"9":{"name":"updateValidateBabyGIT","decl":{"start":{"line":156,"column":9},"end":{"line":156,"column":30}},"loc":{"start":{"line":156,"column":32},"end":{"line":164,"column":1}},"line":156},"10":{"name":"saveValidateBabyAntibiotic","decl":{"start":{"line":166,"column":9},"end":{"line":166,"column":35}},"loc":{"start":{"line":166,"column":37},"end":{"line":180,"column":1}},"line":166},"11":{"name":"updateValidateBabyAntibiotic","decl":{"start":{"line":182,"column":9},"end":{"line":182,"column":37}},"loc":{"start":{"line":182,"column":39},"end":{"line":194,"column":1}},"line":182},"12":{"name":"saveValidateBabyFinal","decl":{"start":{"line":196,"column":9},"end":{"line":196,"column":30}},"loc":{"start":{"line":196,"column":32},"end":{"line":222,"column":1}},"line":196},"13":{"name":"updateValidateBabyFinal","decl":{"start":{"line":224,"column":9},"end":{"line":224,"column":32}},"loc":{"start":{"line":224,"column":34},"end":{"line":248,"column":1}},"line":224},"14":{"name":"saveValidateBabyInvestigation","decl":{"start":{"line":250,"column":9},"end":{"line":250,"column":38}},"loc":{"start":{"line":250,"column":40},"end":{"line":292,"column":1}},"line":250},"15":{"name":"updateValidateBabyInvestigation","decl":{"start":{"line":294,"column":9},"end":{"line":294,"column":40}},"loc":{"start":{"line":294,"column":42},"end":{"line":334,"column":1}},"line":294},"16":{"name":"(anonymous_16)","decl":{"start":{"line":336,"column":18},"end":{"line":336,"column":19}},"loc":{"start":{"line":336,"column":29},"end":{"line":384,"column":1}},"line":336}},"branchMap":{"0":{"loc":{"start":{"line":337,"column":0},"end":{"line":383,"column":3}},"type":"switch","locations":[{"start":{"line":338,"column":4},"end":{"line":350,"column":10}},{"start":{"line":351,"column":4},"end":{"line":354,"column":10}},{"start":{"line":355,"column":4},"end":{"line":358,"column":10}},{"start":{"line":359,"column":4},"end":{"line":362,"column":10}},{"start":{"line":363,"column":4},"end":{"line":366,"column":10}},{"start":{"line":367,"column":4},"end":{"line":370,"column":10}},{"start":{"line":371,"column":4},"end":{"line":374,"column":10}},{"start":{"line":375,"column":4},"end":{"line":378,"column":10}},{"start":{"line":379,"column":4},"end":{"line":382,"column":10}}],"line":337}},"s":{"0":0,"1":0,"2":0,"3":0,"4":0,"5":0,"6":0,"7":0,"8":0,"9":0,"10":0,"11":0,"12":0,"13":0,"14":0,"15":0,"16":0,"17":0,"18":0,"19":0,"20":0,"21":0,"22":0,"23":0,"24":0,"25":0,"26":0,"27":0,"28":0,"29":0,"30":0,"31":0,"32":0,"33":0,"34":0,"35":0,"36":0,"37":0},"f":{"0":0,"1":0,"2":0,"3":0,"4":0,"5":0,"6":0,"7":0,"8":0,"9":0,"10":0,"11":0,"12":0,"13":0,"14":0,"15":0,"16":0},"b":{"0":[0,0,0,0,0,0,0,0,0]}}}