TN:
SF:/home/aspl/test coverage/backend/sequelize.js
FN:147,(anonymous_0)
FN:147,(anonymous_1)
FNF:2
FNH:0
FNDA:0,(anonymous_0)
FNDA:0,(anonymous_1)
DA:2,1
DA:6,1
DA:9,1
DA:13,1
DA:16,1
DA:19,1
DA:22,1
DA:25,1
DA:28,1
DA:31,1
DA:34,1
DA:37,1
DA:40,1
DA:43,1
DA:46,1
DA:49,1
DA:52,1
DA:55,1
DA:59,1
DA:63,1
DA:66,1
DA:69,1
DA:73,1
DA:76,1
DA:79,1
DA:82,1
DA:85,1
DA:88,1
DA:91,1
DA:94,1
DA:97,1
DA:101,1
DA:110,1
DA:116,1
DA:118,1
DA:119,1
DA:120,1
DA:121,1
DA:122,1
DA:123,1
DA:124,1
DA:125,1
DA:126,1
DA:127,1
DA:128,1
DA:129,1
DA:130,1
DA:131,1
DA:132,1
DA:133,1
DA:134,1
DA:135,1
DA:136,1
DA:137,1
DA:138,1
DA:139,1
DA:140,1
DA:141,1
DA:142,1
DA:143,1
DA:144,1
DA:145,1
DA:146,1
DA:147,1
DA:151,1
LF:65
LH:65
BRF:0
BRH:0
end_of_record
TN:
SF:/home/aspl/test coverage/backend/server.js
FN:33,(anonymous_0)
FNF:1
FNH:0
FNDA:0,(anonymous_0)
DA:5,0
DA:6,0
DA:8,0
DA:9,0
DA:10,0
DA:11,0
DA:13,0
DA:14,0
DA:16,0
DA:17,0
DA:18,0
DA:19,0
DA:21,0
DA:22,0
DA:23,0
DA:24,0
DA:26,0
DA:27,0
DA:28,0
DA:33,0
DA:35,0
LF:21
LH:0
BRDA:14,0,0,0
BRDA:14,0,1,0
BRF:2
BRH:0
end_of_record
TN:
SF:/home/aspl/test coverage/backend/auth/verifyToken.js
FN:4,verifyToken
FN:9,(anonymous_1)
FNF:2
FNH:0
FNDA:0,verifyToken
FNDA:0,(anonymous_1)
DA:5,0
DA:6,0
DA:7,0
DA:9,0
DA:10,0
DA:11,0
DA:14,0
DA:15,0
DA:18,0
LF:9
LH:0
BRDA:6,0,0,0
BRDA:6,0,1,0
BRDA:10,1,0,0
BRDA:10,1,1,0
BRF:4
BRH:0
end_of_record
TN:
SF:/home/aspl/test coverage/backend/config/jwtConfig.js
FNF:0
FNH:0
DA:1,0
LF:1
LH:0
BRF:0
BRH:0
end_of_record
TN:
SF:/home/aspl/test coverage/backend/config/setting.js
FNF:0
FNH:0
DA:1,1
LF:1
LH:1
BRF:0
BRH:0
end_of_record
TN:
SF:/home/aspl/test coverage/backend/config/table.js
FNF:0
FNH:0
DA:1,1
LF:1
LH:1
BRF:0
BRH:0
end_of_record
TN:
SF:/home/aspl/test coverage/backend/controllers/hospitalBranchController.js
FN:10,(anonymous_0)
FN:21,(anonymous_1)
FN:26,(anonymous_2)
FN:28,(anonymous_3)
FN:31,(anonymous_4)
FN:35,(anonymous_5)
FN:40,(anonymous_6)
FN:42,(anonymous_7)
FN:48,(anonymous_8)
FN:53,(anonymous_9)
FN:58,(anonymous_10)
FN:61,(anonymous_11)
FN:66,(anonymous_12)
FN:75,(anonymous_13)
FN:80,(anonymous_14)
FN:81,(anonymous_15)
FN:92,(anonymous_16)
FN:98,(anonymous_17)
FN:104,(anonymous_18)
FN:106,(anonymous_19)
FN:109,(anonymous_20)
FN:112,(anonymous_21)
FN:117,(anonymous_22)
FN:123,(anonymous_23)
FN:126,(anonymous_24)
FN:131,(anonymous_25)
FN:137,(anonymous_26)
FN:149,(anonymous_27)
FN:159,(anonymous_28)
FN:164,(anonymous_29)
FN:169,(anonymous_30)
FN:173,(anonymous_31)
FN:183,(anonymous_32)
FN:187,(anonymous_33)
FN:192,(anonymous_34)
FN:198,(anonymous_35)
FN:201,(anonymous_36)
FN:206,(anonymous_37)
FN:208,(anonymous_38)
FN:211,(anonymous_39)
FN:214,(anonymous_40)
FN:219,(anonymous_41)
FN:225,(anonymous_42)
FN:237,(anonymous_43)
FN:247,(anonymous_44)
FN:252,(anonymous_45)
FN:257,(anonymous_46)
FN:267,(anonymous_47)
FN:270,(anonymous_48)
FN:275,(anonymous_49)
FN:277,(anonymous_50)
FN:281,(anonymous_51)
FN:285,(anonymous_52)
FN:296,(anonymous_53)
FN:299,(anonymous_54)
FNF:55
FNH:0
FNDA:0,(anonymous_0)
FNDA:0,(anonymous_1)
FNDA:0,(anonymous_2)
FNDA:0,(anonymous_3)
FNDA:0,(anonymous_4)
FNDA:0,(anonymous_5)
FNDA:0,(anonymous_6)
FNDA:0,(anonymous_7)
FNDA:0,(anonymous_8)
FNDA:0,(anonymous_9)
FNDA:0,(anonymous_10)
FNDA:0,(anonymous_11)
FNDA:0,(anonymous_12)
FNDA:0,(anonymous_13)
FNDA:0,(anonymous_14)
FNDA:0,(anonymous_15)
FNDA:0,(anonymous_16)
FNDA:0,(anonymous_17)
FNDA:0,(anonymous_18)
FNDA:0,(anonymous_19)
FNDA:0,(anonymous_20)
FNDA:0,(anonymous_21)
FNDA:0,(anonymous_22)
FNDA:0,(anonymous_23)
FNDA:0,(anonymous_24)
FNDA:0,(anonymous_25)
FNDA:0,(anonymous_26)
FNDA:0,(anonymous_27)
FNDA:0,(anonymous_28)
FNDA:0,(anonymous_29)
FNDA:0,(anonymous_30)
FNDA:0,(anonymous_31)
FNDA:0,(anonymous_32)
FNDA:0,(anonymous_33)
FNDA:0,(anonymous_34)
FNDA:0,(anonymous_35)
FNDA:0,(anonymous_36)
FNDA:0,(anonymous_37)
FNDA:0,(anonymous_38)
FNDA:0,(anonymous_39)
FNDA:0,(anonymous_40)
FNDA:0,(anonymous_41)
FNDA:0,(anonymous_42)
FNDA:0,(anonymous_43)
FNDA:0,(anonymous_44)
FNDA:0,(anonymous_45)
FNDA:0,(anonymous_46)
FNDA:0,(anonymous_47)
FNDA:0,(anonymous_48)
FNDA:0,(anonymous_49)
FNDA:0,(anonymous_50)
FNDA:0,(anonymous_51)
FNDA:0,(anonymous_52)
FNDA:0,(anonymous_53)
FNDA:0,(anonymous_54)
DA:1,0
DA:2,0
DA:3,0
DA:4,0
DA:5,0
DA:6,0
DA:7,0
DA:8,0
DA:10,0
DA:11,0
DA:12,0
DA:13,0
DA:14,0
DA:16,0
DA:22,0
DA:23,0
DA:25,0
DA:27,0
DA:29,0
DA:30,0
DA:31,0
DA:32,0
DA:33,0
DA:36,0
DA:38,0
DA:39,0
DA:41,0
DA:43,0
DA:49,0
DA:53,0
DA:54,0
DA:59,0
DA:62,0
DA:66,0
DA:67,0
DA:68,0
DA:69,0
DA:71,0
DA:76,0
DA:77,0
DA:79,0
DA:81,0
DA:83,0
DA:85,0
DA:86,0
DA:87,0
DA:88,0
DA:89,0
DA:91,0
DA:93,0
DA:99,0
DA:104,0
DA:105,0
DA:107,0
DA:110,0
DA:113,0
DA:117,0
DA:118,0
DA:124,0
DA:127,0
DA:131,0
DA:132,0
DA:133,0
DA:135,0
DA:138,0
DA:139,0
DA:142,0
DA:148,0
DA:151,0
DA:152,0
DA:153,0
DA:154,0
DA:155,0
DA:156,0
DA:158,0
DA:160,0
DA:165,0
DA:169,0
DA:170,0
DA:171,0
DA:172,0
DA:173,0
DA:174,0
DA:176,0
DA:177,0
DA:178,0
DA:179,0
DA:180,0
DA:182,0
DA:184,0
DA:188,0
DA:192,0
DA:193,0
DA:199,0
DA:202,0
DA:206,0
DA:207,0
DA:209,0
DA:212,0
DA:215,0
DA:219,0
DA:220,0
DA:221,0
DA:223,0
DA:226,0
DA:227,0
DA:230,0
DA:236,0
DA:239,0
DA:240,0
DA:241,0
DA:242,0
DA:243,0
DA:244,0
DA:246,0
DA:248,0
DA:253,0
DA:257,0
DA:258,0
DA:268,0
DA:271,0
DA:275,0
DA:276,0
DA:278,0
DA:279,0
DA:282,0
DA:283,0
DA:286,0
DA:287,0
DA:288,0
DA:289,0
DA:290,0
DA:291,0
DA:292,0
DA:293,0
DA:294,0
DA:297,0
DA:300,0
LF:138
LH:0
BRDA:22,0,0,0
BRDA:22,0,1,0
BRDA:29,1,0,0
BRDA:29,1,1,0
BRDA:32,2,0,0
BRDA:32,2,1,0
BRDA:76,3,0,0
BRDA:76,3,1,0
BRDA:83,4,0,0
BRDA:83,4,1,0
BRDA:151,5,0,0
BRDA:151,5,1,0
BRDA:174,6,0,0
BRDA:174,6,1,0
BRDA:239,7,0,0
BRDA:239,7,1,0
BRF:16
BRH:0
end_of_record
TN:
SF:/home/aspl/test coverage/backend/controllers/hospitalController.js
FN:10,(anonymous_0)
FN:17,(anonymous_1)
FN:33,(anonymous_2)
FN:39,(anonymous_3)
FN:42,(anonymous_4)
FN:49,(anonymous_5)
FN:54,(anonymous_6)
FN:62,(anonymous_7)
FN:66,(anonymous_8)
FN:71,(anonymous_9)
FN:75,(anonymous_10)
FN:81,(anonymous_11)
FN:91,(anonymous_12)
FN:94,(anonymous_13)
FN:99,(anonymous_14)
FN:107,(anonymous_15)
FN:122,(anonymous_16)
FN:132,(anonymous_17)
FN:137,(anonymous_18)
FN:142,(anonymous_19)
FN:150,(anonymous_20)
FN:161,(anonymous_21)
FN:163,(anonymous_22)
FN:173,(anonymous_23)
FN:199,(anonymous_24)
FN:201,(anonymous_25)
FN:254,(anonymous_26)
FN:263,(anonymous_27)
FN:266,(anonymous_28)
FNF:29
FNH:0
FNDA:0,(anonymous_0)
FNDA:0,(anonymous_1)
FNDA:0,(anonymous_2)
FNDA:0,(anonymous_3)
FNDA:0,(anonymous_4)
FNDA:0,(anonymous_5)
FNDA:0,(anonymous_6)
FNDA:0,(anonymous_7)
FNDA:0,(anonymous_8)
FNDA:0,(anonymous_9)
FNDA:0,(anonymous_10)
FNDA:0,(anonymous_11)
FNDA:0,(anonymous_12)
FNDA:0,(anonymous_13)
FNDA:0,(anonymous_14)
FNDA:0,(anonymous_15)
FNDA:0,(anonymous_16)
FNDA:0,(anonymous_17)
FNDA:0,(anonymous_18)
FNDA:0,(anonymous_19)
FNDA:0,(anonymous_20)
FNDA:0,(anonymous_21)
FNDA:0,(anonymous_22)
FNDA:0,(anonymous_23)
FNDA:0,(anonymous_24)
FNDA:0,(anonymous_25)
FNDA:0,(anonymous_26)
FNDA:0,(anonymous_27)
FNDA:0,(anonymous_28)
DA:1,1
DA:2,1
DA:3,1
DA:4,1
DA:5,1
DA:6,1
DA:7,1
DA:8,1
DA:10,1
DA:11,0
DA:12,0
DA:17,1
DA:19,0
DA:20,0
DA:22,0
DA:23,0
DA:25,0
DA:26,0
DA:28,0
DA:34,0
DA:35,0
DA:37,0
DA:41,0
DA:43,0
DA:44,0
DA:45,0
DA:46,0
DA:48,0
DA:50,0
DA:51,0
DA:54,0
DA:55,0
DA:56,0
DA:63,0
DA:66,1
DA:68,0
DA:69,0
DA:71,0
DA:72,0
DA:73,0
DA:76,0
DA:81,1
DA:83,0
DA:92,0
DA:95,0
DA:99,1
DA:102,0
DA:109,0
DA:110,0
DA:112,0
DA:113,0
DA:114,0
DA:115,0
DA:116,0
DA:117,0
DA:118,0
DA:119,0
DA:120,0
DA:124,0
DA:130,0
DA:134,0
DA:135,0
DA:139,0
DA:144,0
DA:150,1
DA:152,0
DA:153,0
DA:154,0
DA:162,0
DA:163,0
DA:164,0
DA:166,0
DA:174,0
DA:175,0
DA:176,0
DA:177,0
DA:178,0
DA:179,0
DA:181,0
DA:183,0
DA:185,0
DA:187,0
DA:188,0
DA:189,0
DA:190,0
DA:191,0
DA:192,0
DA:197,0
DA:200,0
DA:202,0
DA:254,1
DA:256,0
DA:264,0
DA:267,0
LF:94
LH:15
BRDA:34,0,0,0
BRDA:34,0,1,0
BRDA:43,1,0,0
BRDA:43,1,1,0
BRDA:50,2,0,0
BRDA:50,2,1,0
BRDA:55,3,0,0
BRDA:55,3,1,0
BRDA:72,4,0,0
BRDA:72,4,1,0
BRDA:109,5,0,0
BRDA:109,5,1,0
BRDA:162,6,0,0
BRDA:162,6,1,0
BRDA:181,7,0,0
BRDA:181,7,1,0
BRDA:187,8,0,0
BRDA:187,8,1,0
BRF:18
BRH:0
end_of_record
TN:
SF:/home/aspl/test coverage/backend/controllers/hospitalStaffController.js
FN:13,(anonymous_0)
FN:18,(anonymous_1)
FN:27,(anonymous_2)
FN:32,(anonymous_3)
FN:37,(anonymous_4)
FN:40,(anonymous_5)
FN:45,(anonymous_6)
FN:53,(anonymous_7)
FN:56,(anonymous_8)
FN:61,(anonymous_9)
FN:77,(anonymous_10)
FN:84,(anonymous_11)
FN:87,(anonymous_12)
FN:92,(anonymous_13)
FN:96,(anonymous_14)
FN:111,(anonymous_15)
FN:130,(anonymous_16)
FN:135,(anonymous_17)
FN:185,(anonymous_18)
FN:195,(anonymous_19)
FN:201,(anonymous_20)
FN:208,(anonymous_21)
FN:219,(anonymous_22)
FN:234,(anonymous_23)
FN:243,(anonymous_24)
FN:257,(anonymous_25)
FN:269,(anonymous_26)
FN:327,(anonymous_27)
FN:338,(anonymous_28)
FN:344,(anonymous_29)
FN:346,(anonymous_30)
FN:353,(anonymous_31)
FN:360,(anonymous_32)
FN:382,(anonymous_33)
FN:395,(anonymous_34)
FN:420,(anonymous_35)
FN:423,(anonymous_36)
FN:428,(anonymous_37)
FN:438,(anonymous_38)
FN:444,(anonymous_39)
FN:465,(anonymous_40)
FN:470,(anonymous_41)
FN:471,(anonymous_42)
FN:477,(anonymous_43)
FN:481,(anonymous_44)
FN:486,(anonymous_45)
FN:489,(anonymous_46)
FN:494,(anonymous_47)
FN:498,(anonymous_48)
FN:505,(anonymous_49)
FN:513,(anonymous_50)
FN:517,(anonymous_51)
FN:521,(anonymous_52)
FN:524,(anonymous_53)
FN:529,(anonymous_54)
FN:541,(anonymous_55)
FN:544,(anonymous_56)
FN:549,(anonymous_57)
FN:551,(anonymous_58)
FN:556,(anonymous_59)
FN:558,(anonymous_60)
FN:569,(anonymous_61)
FN:575,(anonymous_62)
FN:587,(anonymous_63)
FN:592,(anonymous_64)
FN:595,(anonymous_65)
FN:604,(anonymous_66)
FN:613,(anonymous_67)
FN:615,(anonymous_68)
FN:626,(anonymous_69)
FN:654,(anonymous_70)
FN:656,(anonymous_71)
FN:663,(anonymous_72)
FN:666,(anonymous_73)
FN:671,(anonymous_74)
FN:684,(anonymous_75)
FN:689,(anonymous_76)
FN:694,(anonymous_77)
FNF:78
FNH:0
FNDA:0,(anonymous_0)
FNDA:0,(anonymous_1)
FNDA:0,(anonymous_2)
FNDA:0,(anonymous_3)
FNDA:0,(anonymous_4)
FNDA:0,(anonymous_5)
FNDA:0,(anonymous_6)
FNDA:0,(anonymous_7)
FNDA:0,(anonymous_8)
FNDA:0,(anonymous_9)
FNDA:0,(anonymous_10)
FNDA:0,(anonymous_11)
FNDA:0,(anonymous_12)
FNDA:0,(anonymous_13)
FNDA:0,(anonymous_14)
FNDA:0,(anonymous_15)
FNDA:0,(anonymous_16)
FNDA:0,(anonymous_17)
FNDA:0,(anonymous_18)
FNDA:0,(anonymous_19)
FNDA:0,(anonymous_20)
FNDA:0,(anonymous_21)
FNDA:0,(anonymous_22)
FNDA:0,(anonymous_23)
FNDA:0,(anonymous_24)
FNDA:0,(anonymous_25)
FNDA:0,(anonymous_26)
FNDA:0,(anonymous_27)
FNDA:0,(anonymous_28)
FNDA:0,(anonymous_29)
FNDA:0,(anonymous_30)
FNDA:0,(anonymous_31)
FNDA:0,(anonymous_32)
FNDA:0,(anonymous_33)
FNDA:0,(anonymous_34)
FNDA:0,(anonymous_35)
FNDA:0,(anonymous_36)
FNDA:0,(anonymous_37)
FNDA:0,(anonymous_38)
FNDA:0,(anonymous_39)
FNDA:0,(anonymous_40)
FNDA:0,(anonymous_41)
FNDA:0,(anonymous_42)
FNDA:0,(anonymous_43)
FNDA:0,(anonymous_44)
FNDA:0,(anonymous_45)
FNDA:0,(anonymous_46)
FNDA:0,(anonymous_47)
FNDA:0,(anonymous_48)
FNDA:0,(anonymous_49)
FNDA:0,(anonymous_50)
FNDA:0,(anonymous_51)
FNDA:0,(anonymous_52)
FNDA:0,(anonymous_53)
FNDA:0,(anonymous_54)
FNDA:0,(anonymous_55)
FNDA:0,(anonymous_56)
FNDA:0,(anonymous_57)
FNDA:0,(anonymous_58)
FNDA:0,(anonymous_59)
FNDA:0,(anonymous_60)
FNDA:0,(anonymous_61)
FNDA:0,(anonymous_62)
FNDA:0,(anonymous_63)
FNDA:0,(anonymous_64)
FNDA:0,(anonymous_65)
FNDA:0,(anonymous_66)
FNDA:0,(anonymous_67)
FNDA:0,(anonymous_68)
FNDA:0,(anonymous_69)
FNDA:0,(anonymous_70)
FNDA:0,(anonymous_71)
FNDA:0,(anonymous_72)
FNDA:0,(anonymous_73)
FNDA:0,(anonymous_74)
FNDA:0,(anonymous_75)
FNDA:0,(anonymous_76)
FNDA:0,(anonymous_77)
DA:1,0
DA:2,0
DA:3,0
DA:4,0
DA:5,0
DA:6,0
DA:7,0
DA:8,0
DA:9,0
DA:10,0
DA:11,0
DA:13,0
DA:14,0
DA:20,0
DA:22,0
DA:25,0
DA:28,0
DA:32,0
DA:33,0
DA:38,0
DA:41,0
DA:45,0
DA:47,0
DA:54,0
DA:57,0
DA:61,0
DA:63,0
DA:64,0
DA:65,0
DA:66,0
DA:68,0
DA:70,0
DA:80,0
DA:81,0
DA:83,0
DA:86,0
DA:89,0
DA:91,0
DA:94,0
DA:96,0
DA:98,0
DA:99,0
DA:100,0
DA:102,0
DA:108,0
DA:110,0
DA:113,0
DA:115,0
DA:117,0
DA:119,0
DA:120,0
DA:123,0
DA:131,0
DA:135,0
DA:137,0
DA:139,0
DA:148,0
DA:150,0
DA:152,0
DA:154,0
DA:164,0
DA:165,0
DA:166,0
DA:168,0
DA:169,0
DA:170,0
DA:171,0
DA:172,0
DA:175,0
DA:178,0
DA:180,0
DA:185,0
DA:187,0
DA:196,0
DA:201,0
DA:203,0
DA:205,0
DA:207,0
DA:209,0
DA:210,0
DA:211,0
DA:212,0
DA:213,0
DA:214,0
DA:215,0
DA:217,0
DA:218,0
DA:220,0
DA:221,0
DA:222,0
DA:223,0
DA:224,0
DA:227,0
DA:229,0
DA:231,0
DA:233,0
DA:238,0
DA:245,0
DA:246,0
DA:247,0
DA:248,0
DA:250,0
DA:257,0
DA:259,0
DA:261,0
DA:263,0
DA:265,0
DA:267,0
DA:269,0
DA:270,0
DA:274,0
DA:276,0
DA:278,0
DA:285,0
DA:287,0
DA:289,0
DA:291,0
DA:293,0
DA:295,0
DA:297,0
DA:299,0
DA:300,0
DA:301,0
DA:302,0
DA:303,0
DA:304,0
DA:305,0
DA:306,0
DA:307,0
DA:308,0
DA:309,0
DA:310,0
DA:311,0
DA:312,0
DA:313,0
DA:314,0
DA:316,0
DA:318,0
DA:323,0
DA:327,0
DA:328,0
DA:329,0
DA:330,0
DA:331,0
DA:333,0
DA:339,0
DA:340,0
DA:342,0
DA:345,0
DA:347,0
DA:348,0
DA:349,0
DA:350,0
DA:354,0
DA:355,0
DA:356,0
DA:357,0
DA:362,0
DA:364,0
DA:374,0
DA:382,0
DA:383,0
DA:384,0
DA:386,0
DA:387,0
DA:395,0
DA:397,0
DA:399,0
DA:421,0
DA:424,0
DA:428,0
DA:430,0
DA:439,0
DA:444,0
DA:445,0
DA:446,0
DA:466,0
DA:471,0
DA:472,0
DA:474,0
DA:475,0
DA:478,0
DA:482,0
DA:486,0
DA:488,0
DA:490,0
DA:491,0
DA:492,0
DA:495,0
DA:496,0
DA:499,0
DA:500,0
DA:501,0
DA:502,0
DA:503,0
DA:506,0
DA:511,0
DA:514,0
DA:515,0
DA:518,0
DA:519,0
DA:522,0
DA:525,0
DA:529,0
DA:530,0
DA:542,0
DA:545,0
DA:549,0
DA:550,0
DA:552,0
DA:553,0
DA:554,0
DA:557,0
DA:559,0
DA:560,0
DA:561,0
DA:562,0
DA:563,0
DA:564,0
DA:565,0
DA:566,0
DA:567,0
DA:570,0
DA:575,0
DA:576,0
DA:577,0
DA:578,0
DA:579,0
DA:581,0
DA:588,0
DA:589,0
DA:591,0
DA:593,0
DA:594,0
DA:596,0
DA:600,0
DA:604,0
DA:605,0
DA:606,0
DA:607,0
DA:614,0
DA:615,0
DA:616,0
DA:618,0
DA:628,0
DA:629,0
DA:630,0
DA:631,0
DA:632,0
DA:633,0
DA:636,0
DA:638,0
DA:640,0
DA:642,0
DA:643,0
DA:644,0
DA:645,0
DA:646,0
DA:647,0
DA:652,0
DA:655,0
DA:657,0
DA:663,0
DA:664,0
DA:667,0
DA:671,0
DA:672,0
DA:682,0
DA:683,0
DA:685,0
DA:688,0
DA:690,0
DA:692,0
DA:695,0
LF:274
LH:0
BRDA:80,0,0,0
BRDA:80,0,1,0
BRDA:89,1,0,0
BRDA:89,1,1,0
BRDA:94,2,0,0
BRDA:94,2,1,0
BRDA:113,3,0,0
BRDA:113,3,1,0
BRDA:148,4,0,0
BRDA:148,4,1,0
BRDA:164,5,0,0
BRDA:164,5,1,0
BRDA:217,6,0,0
BRDA:217,6,1,0
BRDA:287,7,0,0
BRDA:287,7,1,0
BRDA:297,8,0,0
BRDA:297,8,1,0
BRDA:297,9,0,0
BRDA:297,9,1,0
BRDA:297,9,2,0
BRDA:300,10,0,0
BRDA:300,10,1,0
BRDA:300,11,0,0
BRDA:300,11,1,0
BRDA:300,11,2,0
BRDA:302,12,0,0
BRDA:302,12,1,0
BRDA:302,13,0,0
BRDA:302,13,1,0
BRDA:302,13,2,0
BRDA:304,14,0,0
BRDA:304,14,1,0
BRDA:304,15,0,0
BRDA:304,15,1,0
BRDA:304,15,2,0
BRDA:306,16,0,0
BRDA:306,16,1,0
BRDA:306,17,0,0
BRDA:306,17,1,0
BRDA:306,17,2,0
BRDA:308,18,0,0
BRDA:308,18,1,0
BRDA:308,19,0,0
BRDA:308,19,1,0
BRDA:308,19,2,0
BRDA:311,20,0,0
BRDA:311,20,1,0
BRDA:311,21,0,0
BRDA:311,21,1,0
BRDA:311,21,2,0
BRDA:313,22,0,0
BRDA:313,22,1,0
BRDA:313,23,0,0
BRDA:313,23,1,0
BRDA:313,23,2,0
BRDA:339,24,0,0
BRDA:339,24,1,0
BRDA:347,25,0,0
BRDA:347,25,1,0
BRDA:354,26,0,0
BRDA:354,26,1,0
BRDA:362,27,0,0
BRDA:362,27,1,0
BRDA:383,28,0,0
BRDA:383,28,1,0
BRDA:579,29,0,0
BRDA:579,29,1,0
BRDA:579,30,0,0
BRDA:579,30,1,0
BRDA:579,30,2,0
BRDA:579,30,3,0
BRDA:588,31,0,0
BRDA:588,31,1,0
BRDA:614,32,0,0
BRDA:614,32,1,0
BRDA:636,33,0,0
BRDA:636,33,1,0
BRDA:642,34,0,0
BRDA:642,34,1,0
BRDA:682,35,0,0
BRDA:682,35,1,0
BRF:82
BRH:0
end_of_record
TN:
SF:/home/aspl/test coverage/backend/controllers/patientController.js
FN:11,(anonymous_0)
FN:18,(anonymous_1)
FN:25,(anonymous_2)
FN:28,(anonymous_3)
FN:33,(anonymous_4)
FN:39,(anonymous_5)
FN:46,(anonymous_6)
FN:49,(anonymous_7)
FN:54,(anonymous_8)
FN:69,(anonymous_9)
FN:73,(anonymous_10)
FN:82,(anonymous_11)
FN:86,(anonymous_12)
FN:90,(anonymous_13)
FN:94,(anonymous_14)
FN:98,(anonymous_15)
FN:102,(anonymous_16)
FN:106,(anonymous_17)
FN:110,(anonymous_18)
FN:112,(anonymous_19)
FN:117,(anonymous_20)
FN:129,(anonymous_21)
FN:132,(anonymous_22)
FN:137,(anonymous_23)
FN:148,(anonymous_24)
FN:151,(anonymous_25)
FN:156,(anonymous_26)
FN:167,(anonymous_27)
FN:170,(anonymous_28)
FN:175,(anonymous_29)
FN:186,(anonymous_30)
FN:189,(anonymous_31)
FN:194,(anonymous_32)
FN:205,(anonymous_33)
FN:208,(anonymous_34)
FN:213,(anonymous_35)
FN:224,(anonymous_36)
FN:227,(anonymous_37)
FN:232,(anonymous_38)
FN:243,(anonymous_39)
FN:246,(anonymous_40)
FN:251,(anonymous_41)
FN:262,(anonymous_42)
FN:265,(anonymous_43)
FN:270,(anonymous_44)
FN:281,(anonymous_45)
FN:301,(anonymous_46)
FN:306,(anonymous_47)
FN:315,(anonymous_48)
FN:332,(anonymous_49)
FN:339,(anonymous_50)
FN:345,(anonymous_51)
FN:352,(anonymous_52)
FN:374,(anonymous_53)
FN:383,(anonymous_54)
FN:397,(anonymous_55)
FN:399,(anonymous_56)
FN:413,(anonymous_57)
FN:415,(anonymous_58)
FN:429,(anonymous_59)
FN:431,(anonymous_60)
FN:445,(anonymous_61)
FN:448,(anonymous_62)
FN:462,(anonymous_63)
FN:465,(anonymous_64)
FN:479,(anonymous_65)
FN:481,(anonymous_66)
FN:495,(anonymous_67)
FN:498,(anonymous_68)
FN:504,(anonymous_69)
FN:519,(anonymous_70)
FN:536,(anonymous_71)
FN:539,(anonymous_72)
FN:544,(anonymous_73)
FN:558,(anonymous_74)
FN:589,(anonymous_75)
FN:592,(anonymous_76)
FN:597,(anonymous_77)
FN:610,(anonymous_78)
FN:634,(anonymous_79)
FN:637,(anonymous_80)
FN:642,(anonymous_81)
FN:656,(anonymous_82)
FN:671,(anonymous_83)
FN:674,(anonymous_84)
FN:679,(anonymous_85)
FN:694,(anonymous_86)
FN:711,(anonymous_87)
FN:714,(anonymous_88)
FN:719,(anonymous_89)
FN:733,(anonymous_90)
FN:784,(anonymous_91)
FN:787,(anonymous_92)
FN:792,(anonymous_93)
FN:807,(anonymous_94)
FN:827,(anonymous_95)
FN:830,(anonymous_96)
FN:835,(anonymous_97)
FN:849,(anonymous_98)
FN:879,(anonymous_99)
FN:882,(anonymous_100)
FN:887,(anonymous_101)
FN:897,(anonymous_102)
FN:899,(anonymous_103)
FN:1130,(anonymous_104)
FN:1138,(anonymous_105)
FN:1142,(anonymous_106)
FN:1147,(anonymous_107)
FN:1179,(anonymous_108)
FN:1185,(anonymous_109)
FN:1187,(anonymous_110)
FN:1195,(anonymous_111)
FN:1198,(anonymous_112)
FN:1205,(anonymous_113)
FN:1254,(anonymous_114)
FN:1267,(anonymous_115)
FN:1272,(anonymous_116)
FN:1278,(anonymous_117)
FN:1290,(anonymous_118)
FN:1300,(anonymous_119)
FN:1316,(anonymous_120)
FN:1319,(anonymous_121)
FN:1325,(anonymous_122)
FN:1334,(anonymous_123)
FN:1337,(anonymous_124)
FNF:125
FNH:0
FNDA:0,(anonymous_0)
FNDA:0,(anonymous_1)
FNDA:0,(anonymous_2)
FNDA:0,(anonymous_3)
FNDA:0,(anonymous_4)
FNDA:0,(anonymous_5)
FNDA:0,(anonymous_6)
FNDA:0,(anonymous_7)
FNDA:0,(anonymous_8)
FNDA:0,(anonymous_9)
FNDA:0,(anonymous_10)
FNDA:0,(anonymous_11)
FNDA:0,(anonymous_12)
FNDA:0,(anonymous_13)
FNDA:0,(anonymous_14)
FNDA:0,(anonymous_15)
FNDA:0,(anonymous_16)
FNDA:0,(anonymous_17)
FNDA:0,(anonymous_18)
FNDA:0,(anonymous_19)
FNDA:0,(anonymous_20)
FNDA:0,(anonymous_21)
FNDA:0,(anonymous_22)
FNDA:0,(anonymous_23)
FNDA:0,(anonymous_24)
FNDA:0,(anonymous_25)
FNDA:0,(anonymous_26)
FNDA:0,(anonymous_27)
FNDA:0,(anonymous_28)
FNDA:0,(anonymous_29)
FNDA:0,(anonymous_30)
FNDA:0,(anonymous_31)
FNDA:0,(anonymous_32)
FNDA:0,(anonymous_33)
FNDA:0,(anonymous_34)
FNDA:0,(anonymous_35)
FNDA:0,(anonymous_36)
FNDA:0,(anonymous_37)
FNDA:0,(anonymous_38)
FNDA:0,(anonymous_39)
FNDA:0,(anonymous_40)
FNDA:0,(anonymous_41)
FNDA:0,(anonymous_42)
FNDA:0,(anonymous_43)
FNDA:0,(anonymous_44)
FNDA:0,(anonymous_45)
FNDA:0,(anonymous_46)
FNDA:0,(anonymous_47)
FNDA:0,(anonymous_48)
FNDA:0,(anonymous_49)
FNDA:0,(anonymous_50)
FNDA:0,(anonymous_51)
FNDA:0,(anonymous_52)
FNDA:0,(anonymous_53)
FNDA:0,(anonymous_54)
FNDA:0,(anonymous_55)
FNDA:0,(anonymous_56)
FNDA:0,(anonymous_57)
FNDA:0,(anonymous_58)
FNDA:0,(anonymous_59)
FNDA:0,(anonymous_60)
FNDA:0,(anonymous_61)
FNDA:0,(anonymous_62)
FNDA:0,(anonymous_63)
FNDA:0,(anonymous_64)
FNDA:0,(anonymous_65)
FNDA:0,(anonymous_66)
FNDA:0,(anonymous_67)
FNDA:0,(anonymous_68)
FNDA:0,(anonymous_69)
FNDA:0,(anonymous_70)
FNDA:0,(anonymous_71)
FNDA:0,(anonymous_72)
FNDA:0,(anonymous_73)
FNDA:0,(anonymous_74)
FNDA:0,(anonymous_75)
FNDA:0,(anonymous_76)
FNDA:0,(anonymous_77)
FNDA:0,(anonymous_78)
FNDA:0,(anonymous_79)
FNDA:0,(anonymous_80)
FNDA:0,(anonymous_81)
FNDA:0,(anonymous_82)
FNDA:0,(anonymous_83)
FNDA:0,(anonymous_84)
FNDA:0,(anonymous_85)
FNDA:0,(anonymous_86)
FNDA:0,(anonymous_87)
FNDA:0,(anonymous_88)
FNDA:0,(anonymous_89)
FNDA:0,(anonymous_90)
FNDA:0,(anonymous_91)
FNDA:0,(anonymous_92)
FNDA:0,(anonymous_93)
FNDA:0,(anonymous_94)
FNDA:0,(anonymous_95)
FNDA:0,(anonymous_96)
FNDA:0,(anonymous_97)
FNDA:0,(anonymous_98)
FNDA:0,(anonymous_99)
FNDA:0,(anonymous_100)
FNDA:0,(anonymous_101)
FNDA:0,(anonymous_102)
FNDA:0,(anonymous_103)
FNDA:0,(anonymous_104)
FNDA:0,(anonymous_105)
FNDA:0,(anonymous_106)
FNDA:0,(anonymous_107)
FNDA:0,(anonymous_108)
FNDA:0,(anonymous_109)
FNDA:0,(anonymous_110)
FNDA:0,(anonymous_111)
FNDA:0,(anonymous_112)
FNDA:0,(anonymous_113)
FNDA:0,(anonymous_114)
FNDA:0,(anonymous_115)
FNDA:0,(anonymous_116)
FNDA:0,(anonymous_117)
FNDA:0,(anonymous_118)
FNDA:0,(anonymous_119)
FNDA:0,(anonymous_120)
FNDA:0,(anonymous_121)
FNDA:0,(anonymous_122)
FNDA:0,(anonymous_123)
FNDA:0,(anonymous_124)
DA:1,0
DA:2,0
DA:3,0
DA:4,0
DA:5,0
DA:6,0
DA:7,0
DA:8,0
DA:9,0
DA:11,0
DA:13,0
DA:19,0
DA:20,0
DA:22,0
DA:23,0
DA:26,0
DA:29,0
DA:33,0
DA:34,0
DA:40,0
DA:41,0
DA:43,0
DA:44,0
DA:47,0
DA:50,0
DA:54,0
DA:56,0
DA:58,0
DA:59,0
DA:60,0
DA:63,0
DA:70,0
DA:71,0
DA:74,0
DA:78,0
DA:80,0
DA:82,0
DA:83,0
DA:86,0
DA:87,0
DA:90,0
DA:91,0
DA:94,0
DA:95,0
DA:98,0
DA:99,0
DA:102,0
DA:103,0
DA:106,0
DA:107,0
DA:110,0
DA:111,0
DA:113,0
DA:117,0
DA:119,0
DA:120,0
DA:121,0
DA:123,0
DA:130,0
DA:133,0
DA:137,0
DA:138,0
DA:139,0
DA:140,0
DA:142,0
DA:149,0
DA:152,0
DA:156,0
DA:157,0
DA:158,0
DA:159,0
DA:161,0
DA:168,0
DA:171,0
DA:175,0
DA:176,0
DA:177,0
DA:178,0
DA:180,0
DA:187,0
DA:190,0
DA:194,0
DA:195,0
DA:196,0
DA:197,0
DA:199,0
DA:206,0
DA:209,0
DA:213,0
DA:214,0
DA:215,0
DA:216,0
DA:218,0
DA:225,0
DA:228,0
DA:232,0
DA:233,0
DA:234,0
DA:235,0
DA:237,0
DA:244,0
DA:247,0
DA:251,0
DA:252,0
DA:253,0
DA:254,0
DA:256,0
DA:263,0
DA:266,0
DA:270,0
DA:272,0
DA:282,0
DA:283,0
DA:284,0
DA:290,0
DA:291,0
DA:292,0
DA:293,0
DA:294,0
DA:295,0
DA:302,0
DA:306,0
DA:307,0
DA:308,0
DA:309,0
DA:310,0
DA:317,0
DA:318,0
DA:320,0
DA:325,0
DA:326,0
DA:327,0
DA:333,0
DA:334,0
DA:336,0
DA:340,0
DA:346,0
DA:352,0
DA:353,0
DA:364,0
DA:376,0
DA:378,0
DA:382,0
DA:384,0
DA:387,0
DA:398,0
DA:400,0
DA:403,0
DA:414,0
DA:416,0
DA:419,0
DA:430,0
DA:432,0
DA:435,0
DA:446,0
DA:449,0
DA:452,0
DA:463,0
DA:466,0
DA:469,0
DA:480,0
DA:482,0
DA:485,0
DA:496,0
DA:497,0
DA:499,0
DA:504,0
DA:506,0
DA:508,0
DA:509,0
DA:510,0
DA:513,0
DA:521,0
DA:523,0
DA:527,0
DA:533,0
DA:537,0
DA:540,0
DA:544,0
DA:546,0
DA:548,0
DA:549,0
DA:550,0
DA:552,0
DA:560,0
DA:562,0
DA:564,0
DA:567,0
DA:568,0
DA:569,0
DA:586,0
DA:590,0
DA:593,0
DA:597,0
DA:598,0
DA:600,0
DA:601,0
DA:602,0
DA:604,0
DA:611,0
DA:613,0
DA:616,0
DA:617,0
DA:631,0
DA:635,0
DA:638,0
DA:642,0
DA:644,0
DA:646,0
DA:647,0
DA:648,0
DA:650,0
DA:657,0
DA:659,0
DA:662,0
DA:663,0
DA:668,0
DA:672,0
DA:675,0
DA:679,0
DA:681,0
DA:683,0
DA:684,0
DA:685,0
DA:688,0
DA:695,0
DA:697,0
DA:700,0
DA:701,0
DA:708,0
DA:712,0
DA:715,0
DA:719,0
DA:721,0
DA:723,0
DA:724,0
DA:725,0
DA:727,0
DA:734,0
DA:736,0
DA:739,0
DA:740,0
DA:781,0
DA:785,0
DA:788,0
DA:792,0
DA:794,0
DA:796,0
DA:797,0
DA:798,0
DA:801,0
DA:808,0
DA:810,0
DA:813,0
DA:814,0
DA:824,0
DA:828,0
DA:831,0
DA:835,0
DA:837,0
DA:839,0
DA:840,0
DA:841,0
DA:843,0
DA:850,0
DA:852,0
DA:855,0
DA:856,0
DA:876,0
DA:880,0
DA:883,0
DA:887,0
DA:891,0
DA:899,0
DA:901,0
DA:902,0
DA:904,0
DA:905,0
DA:907,0
DA:910,0
DA:912,0
DA:914,0
DA:916,0
DA:1130,0
DA:1131,0
DA:1134,0
DA:1135,0
DA:1137,0
DA:1143,0
DA:1147,0
DA:1149,0
DA:1158,0
DA:1175,0
DA:1180,0
DA:1181,0
DA:1183,0
DA:1186,0
DA:1188,0
DA:1189,0
DA:1190,0
DA:1192,0
DA:1196,0
DA:1199,0
DA:1205,0
DA:1207,0
DA:1208,0
DA:1209,0
DA:1211,0
DA:1254,0
DA:1255,0
DA:1264,0
DA:1267,0
DA:1268,0
DA:1272,0
DA:1273,0
DA:1279,0
DA:1280,0
DA:1281,0
DA:1282,0
DA:1283,0
DA:1284,0
DA:1285,0
DA:1287,0
DA:1291,0
DA:1292,0
DA:1297,0
DA:1301,0
DA:1302,0
DA:1303,0
DA:1304,0
DA:1305,0
DA:1306,0
DA:1307,0
DA:1308,0
DA:1309,0
DA:1310,0
DA:1311,0
DA:1312,0
DA:1313,0
DA:1314,0
DA:1317,0
DA:1320,0
DA:1325,0
DA:1326,0
DA:1335,0
DA:1338,0
LF:346
LH:0
BRDA:19,0,0,0
BRDA:19,0,1,0
BRDA:40,1,0,0
BRDA:40,1,1,0
BRDA:58,2,0,0
BRDA:58,2,1,0
BRDA:70,3,0,0
BRDA:70,3,1,0
BRDA:283,4,0,0
BRDA:283,4,1,0
BRDA:317,5,0,0
BRDA:317,5,1,0
BRDA:333,6,0,0
BRDA:333,6,1,0
BRDA:376,7,0,0
BRDA:376,7,1,0
BRDA:508,8,0,0
BRDA:508,8,1,0
BRDA:521,9,0,0
BRDA:521,9,1,0
BRDA:548,10,0,0
BRDA:548,10,1,0
BRDA:562,11,0,0
BRDA:562,11,1,0
BRDA:600,12,0,0
BRDA:600,12,1,0
BRDA:611,13,0,0
BRDA:611,13,1,0
BRDA:646,14,0,0
BRDA:646,14,1,0
BRDA:657,15,0,0
BRDA:657,15,1,0
BRDA:683,16,0,0
BRDA:683,16,1,0
BRDA:695,17,0,0
BRDA:695,17,1,0
BRDA:723,18,0,0
BRDA:723,18,1,0
BRDA:734,19,0,0
BRDA:734,19,1,0
BRDA:796,20,0,0
BRDA:796,20,1,0
BRDA:808,21,0,0
BRDA:808,21,1,0
BRDA:839,22,0,0
BRDA:839,22,1,0
BRDA:850,23,0,0
BRDA:850,23,1,0
BRDA:901,24,0,0
BRDA:901,24,1,0
BRDA:904,25,0,0
BRDA:904,25,1,0
BRDA:1180,26,0,0
BRDA:1180,26,1,0
BRDA:1188,27,0,0
BRDA:1188,27,1,0
BRDA:1279,28,0,0
BRDA:1279,28,1,0
BRDA:1291,29,0,0
BRDA:1291,29,1,0
BRF:60
BRH:0
end_of_record
TN:
SF:/home/aspl/test coverage/backend/helper/constant.js
FNF:0
FNH:0
DA:1,1
LF:1
LH:1
BRF:0
BRH:0
end_of_record
TN:
SF:/home/aspl/test coverage/backend/helper/enum.js
FNF:0
FNH:0
DA:1,1
DA:7,1
DA:16,1
DA:25,1
DA:30,1
LF:5
LH:5
BRF:0
BRH:0
end_of_record
TN:
SF:/home/aspl/test coverage/backend/helper/queries.js
FN:3,(anonymous_0)
FNF:1
FNH:0
FNDA:0,(anonymous_0)
DA:4,0
DA:5,0
LF:2
LH:0
BRF:0
BRH:0
end_of_record
TN:
SF:/home/aspl/test coverage/backend/helper/res.js
FN:6,(anonymous_0)
FN:20,(anonymous_1)
FN:34,(anonymous_2)
FN:48,(anonymous_3)
FN:58,(anonymous_4)
FNF:5
FNH:0
FNDA:0,(anonymous_0)
FNDA:0,(anonymous_1)
FNDA:0,(anonymous_2)
FNDA:0,(anonymous_3)
FNDA:0,(anonymous_4)
DA:1,1
DA:7,0
DA:21,0
DA:35,0
DA:49,0
DA:59,0
LF:6
LH:1
BRDA:6,0,0,0
BRDA:6,1,0,0
BRDA:6,2,0,0
BRDA:6,3,0,0
BRDA:6,4,0,0
BRDA:20,5,0,0
BRDA:20,6,0,0
BRDA:20,7,0,0
BRDA:20,8,0,0
BRDA:20,9,0,0
BRDA:34,10,0,0
BRDA:34,11,0,0
BRDA:34,12,0,0
BRDA:34,13,0,0
BRDA:34,14,0,0
BRDA:48,15,0,0
BRDA:48,16,0,0
BRDA:48,17,0,0
BRDA:48,18,0,0
BRDA:48,19,0,0
BRDA:58,20,0,0
BRDA:58,21,0,0
BRDA:58,22,0,0
BRDA:58,23,0,0
BRDA:58,24,0,0
BRF:25
BRH:0
end_of_record
TN:
SF:/home/aspl/test coverage/backend/helper/util.js
FN:3,(anonymous_0)
FN:17,(anonymous_1)
FN:31,(anonymous_2)
FN:49,(anonymous_3)
FNF:4
FNH:0
FNDA:0,(anonymous_0)
FNDA:0,(anonymous_1)
FNDA:0,(anonymous_2)
FNDA:0,(anonymous_3)
DA:1,0
DA:3,0
DA:4,0
DA:6,0
DA:7,0
DA:8,0
DA:9,0
DA:10,0
DA:11,0
DA:12,0
DA:17,0
DA:19,0
DA:21,0
DA:23,0
DA:24,0
DA:26,0
DA:27,0
DA:31,0
DA:33,0
DA:35,0
DA:36,0
DA:38,0
DA:39,0
DA:41,0
DA:42,0
DA:44,0
DA:45,0
DA:49,0
DA:51,0
DA:53,0
DA:54,0
DA:56,0
DA:57,0
LF:33
LH:0
BRDA:6,0,0,0
BRDA:6,0,1,0
BRDA:21,1,0,0
BRDA:21,1,1,0
BRDA:33,2,0,0
BRDA:33,2,1,0
BRDA:33,2,2,0
BRDA:33,2,3,0
BRDA:51,3,0,0
BRDA:51,3,1,0
BRF:10
BRH:0
end_of_record
TN:
SF:/home/aspl/test coverage/backend/mapper/mapper.js
FN:4,(anonymous_0)
FN:14,(anonymous_1)
FN:59,(anonymous_2)
FN:98,(anonymous_3)
FN:123,(anonymous_4)
FN:135,(anonymous_5)
FN:143,(anonymous_6)
FN:150,(anonymous_7)
FN:158,(anonymous_8)
FN:174,(anonymous_9)
FN:184,(anonymous_10)
FN:194,(anonymous_11)
FN:202,(anonymous_12)
FN:214,(anonymous_13)
FN:226,(anonymous_14)
FN:235,(anonymous_15)
FN:251,(anonymous_16)
FN:267,(anonymous_17)
FN:277,(anonymous_18)
FNF:19
FNH:0
FNDA:0,(anonymous_0)
FNDA:0,(anonymous_1)
FNDA:0,(anonymous_2)
FNDA:0,(anonymous_3)
FNDA:0,(anonymous_4)
FNDA:0,(anonymous_5)
FNDA:0,(anonymous_6)
FNDA:0,(anonymous_7)
FNDA:0,(anonymous_8)
FNDA:0,(anonymous_9)
FNDA:0,(anonymous_10)
FNDA:0,(anonymous_11)
FNDA:0,(anonymous_12)
FNDA:0,(anonymous_13)
FNDA:0,(anonymous_14)
FNDA:0,(anonymous_15)
FNDA:0,(anonymous_16)
FNDA:0,(anonymous_17)
FNDA:0,(anonymous_18)
DA:1,1
DA:2,1
DA:5,0
DA:11,0
DA:15,0
DA:56,0
DA:60,0
DA:95,0
DA:99,0
DA:120,0
DA:124,0
DA:132,0
DA:136,0
DA:140,0
DA:144,0
DA:147,0
DA:151,0
DA:155,0
DA:156,0
DA:159,0
DA:160,0
DA:161,0
DA:162,0
DA:163,0
DA:164,0
DA:165,0
DA:166,0
DA:167,0
DA:168,0
DA:169,0
DA:170,0
DA:171,0
DA:172,0
DA:175,0
DA:176,0
DA:177,0
DA:178,0
DA:179,0
DA:180,0
DA:181,0
DA:182,0
DA:185,0
DA:188,0
DA:189,0
DA:192,0
DA:195,0
DA:200,0
DA:203,0
DA:212,0
DA:215,0
DA:224,0
DA:227,0
DA:233,0
DA:236,0
DA:237,0
DA:238,0
DA:239,0
DA:240,0
DA:241,0
DA:242,0
DA:243,0
DA:244,0
DA:245,0
DA:246,0
DA:247,0
DA:248,0
DA:249,0
DA:252,0
DA:253,0
DA:254,0
DA:255,0
DA:256,0
DA:257,0
DA:258,0
DA:259,0
DA:260,0
DA:261,0
DA:262,0
DA:263,0
DA:264,0
DA:265,0
DA:268,0
DA:269,0
DA:270,0
DA:271,0
DA:272,0
DA:273,0
DA:274,0
DA:275,0
DA:278,0
DA:279,0
DA:280,0
DA:281,0
DA:282,0
DA:283,0
DA:284,0
DA:285,0
DA:286,0
DA:287,0
LF:99
LH:2
BRF:0
BRH:0
end_of_record
TN:
SF:/home/aspl/test coverage/backend/models/baby_antibiotic.js
FN:5,(anonymous_0)
FNF:1
FNH:1
FNDA:1,(anonymous_0)
DA:3,1
DA:5,1
DA:6,1
LF:3
LH:3
BRF:0
BRH:0
end_of_record
TN:
SF:/home/aspl/test coverage/backend/models/baby_appear.js
FN:2,(anonymous_0)
FNF:1
FNH:1
FNDA:1,(anonymous_0)
DA:1,1
DA:2,1
DA:3,1
LF:3
LH:3
BRF:0
BRH:0
end_of_record
TN:
SF:/home/aspl/test coverage/backend/models/baby_cns.js
FN:2,(anonymous_0)
FNF:1
FNH:1
FNDA:1,(anonymous_0)
DA:1,1
DA:2,1
DA:3,1
LF:3
LH:3
BRF:0
BRH:0
end_of_record
TN:
SF:/home/aspl/test coverage/backend/models/baby_cv.js
FN:2,(anonymous_0)
FNF:1
FNH:1
FNDA:1,(anonymous_0)
DA:1,1
DA:2,1
DA:3,1
LF:3
LH:3
BRF:0
BRH:0
end_of_record
TN:
SF:/home/aspl/test coverage/backend/models/baby_final.js
FN:2,(anonymous_0)
FNF:1
FNH:1
FNDA:1,(anonymous_0)
DA:1,1
DA:2,1
DA:3,1
LF:3
LH:3
BRF:0
BRH:0
end_of_record
TN:
SF:/home/aspl/test coverage/backend/models/baby_git.js
FN:2,(anonymous_0)
FNF:1
FNH:1
FNDA:1,(anonymous_0)
DA:1,1
DA:2,1
DA:3,1
LF:3
LH:3
BRF:0
BRH:0
end_of_record
TN:
SF:/home/aspl/test coverage/backend/models/baby_investigation.js
FN:2,(anonymous_0)
FNF:1
FNH:1
FNDA:1,(anonymous_0)
DA:1,1
DA:2,1
DA:3,1
LF:3
LH:3
BRF:0
BRH:0
end_of_record
TN:
SF:/home/aspl/test coverage/backend/models/baby_resp.js
FN:2,(anonymous_0)
FNF:1
FNH:1
FNDA:1,(anonymous_0)
DA:1,1
DA:2,1
DA:3,1
LF:3
LH:3
BRF:0
BRH:0
end_of_record
TN:
SF:/home/aspl/test coverage/backend/models/basic.js
FN:2,(anonymous_0)
FNF:1
FNH:1
FNDA:1,(anonymous_0)
DA:1,1
DA:2,1
DA:3,1
LF:3
LH:3
BRF:0
BRH:0
end_of_record
TN:
SF:/home/aspl/test coverage/backend/models/general.js
FN:2,(anonymous_0)
FNF:1
FNH:1
FNDA:1,(anonymous_0)
DA:1,1
DA:2,1
DA:3,1
LF:3
LH:3
BRF:0
BRH:0
end_of_record
TN:
SF:/home/aspl/test coverage/backend/models/hospital.js
FN:2,(anonymous_0)
FNF:1
FNH:0
FNDA:0,(anonymous_0)
DA:1,0
DA:2,0
DA:3,0
LF:3
LH:0
BRF:0
BRH:0
end_of_record
TN:
SF:/home/aspl/test coverage/backend/models/hospital_branch.js
FN:3,(anonymous_0)
FNF:1
FNH:1
FNDA:1,(anonymous_0)
DA:1,1
DA:3,1
DA:4,1
LF:3
LH:3
BRF:0
BRH:0
end_of_record
TN:
SF:/home/aspl/test coverage/backend/models/hospital_branch_roles.js
FN:3,(anonymous_0)
FNF:1
FNH:1
FNDA:1,(anonymous_0)
DA:1,1
DA:3,1
DA:4,1
LF:3
LH:3
BRF:0
BRH:0
end_of_record
TN:
SF:/home/aspl/test coverage/backend/models/hospital_branch_speciality.js
FN:3,(anonymous_0)
FNF:1
FNH:1
FNDA:1,(anonymous_0)
DA:1,1
DA:3,1
DA:4,1
LF:3
LH:3
BRF:0
BRH:0
end_of_record
TN:
SF:/home/aspl/test coverage/backend/models/hospital_staff.js
FN:3,(anonymous_0)
FNF:1
FNH:1
FNDA:1,(anonymous_0)
DA:1,1
DA:3,1
DA:4,1
LF:3
LH:3
BRF:0
BRH:0
end_of_record
TN:
SF:/home/aspl/test coverage/backend/models/m_hospital.js
FN:3,(anonymous_0)
FNF:1
FNH:1
FNDA:1,(anonymous_0)
DA:1,1
DA:3,1
DA:4,1
LF:3
LH:3
BRF:0
BRH:0
end_of_record
TN:
SF:/home/aspl/test coverage/backend/models/map_user_module_permission.js
FN:3,(anonymous_0)
FNF:1
FNH:1
FNDA:1,(anonymous_0)
DA:1,1
DA:3,1
DA:4,1
LF:3
LH:3
BRF:0
BRH:0
end_of_record
TN:
SF:/home/aspl/test coverage/backend/models/map_user_permission.js
FN:3,(anonymous_0)
FNF:1
FNH:1
FNDA:1,(anonymous_0)
DA:1,1
DA:3,1
DA:4,1
LF:3
LH:3
BRF:0
BRH:0
end_of_record
TN:
SF:/home/aspl/test coverage/backend/models/map_user_role.js
FN:3,(anonymous_0)
FNF:1
FNH:1
FNDA:1,(anonymous_0)
DA:1,1
DA:3,1
DA:4,1
LF:3
LH:3
BRF:0
BRH:0
end_of_record
TN:
SF:/home/aspl/test coverage/backend/models/maternal.js
FN:2,(anonymous_0)
FNF:1
FNH:1
FNDA:1,(anonymous_0)
DA:1,1
DA:2,1
DA:3,1
LF:3
LH:3
BRF:0
BRH:0
end_of_record
TN:
SF:/home/aspl/test coverage/backend/models/patient.js
FN:2,(anonymous_0)
FNF:1
FNH:1
FNDA:1,(anonymous_0)
DA:1,1
DA:2,1
DA:3,1
LF:3
LH:3
BRF:0
BRH:0
end_of_record
TN:
SF:/home/aspl/test coverage/backend/models/patient_infos.js
FN:2,(anonymous_0)
FNF:1
FNH:1
FNDA:1,(anonymous_0)
DA:1,1
DA:2,1
DA:3,1
LF:3
LH:3
BRF:0
BRH:0
end_of_record
TN:
SF:/home/aspl/test coverage/backend/models/patient_level.js
FN:2,(anonymous_0)
FNF:1
FNH:1
FNDA:1,(anonymous_0)
DA:1,1
DA:2,1
DA:3,1
LF:3
LH:3
BRF:0
BRH:0
end_of_record
TN:
SF:/home/aspl/test coverage/backend/models/permission.js
FN:3,(anonymous_0)
FNF:1
FNH:1
FNDA:1,(anonymous_0)
DA:1,1
DA:3,1
DA:4,1
LF:3
LH:3
BRF:0
BRH:0
end_of_record
TN:
SF:/home/aspl/test coverage/backend/models/referral_doctor.js
FN:3,(anonymous_0)
FNF:1
FNH:1
FNDA:1,(anonymous_0)
DA:1,1
DA:3,1
DA:4,1
LF:3
LH:3
BRF:0
BRH:0
end_of_record
TN:
SF:/home/aspl/test coverage/backend/models/referral_hospitals.js
FN:3,(anonymous_0)
FNF:1
FNH:1
FNDA:1,(anonymous_0)
DA:1,1
DA:3,1
DA:4,1
LF:3
LH:3
BRF:0
BRH:0
end_of_record
TN:
SF:/home/aspl/test coverage/backend/models/roles.js
FN:3,(anonymous_0)
FNF:1
FNH:1
FNDA:1,(anonymous_0)
DA:1,1
DA:3,1
DA:4,1
LF:3
LH:3
BRF:0
BRH:0
end_of_record
TN:
SF:/home/aspl/test coverage/backend/models/speciality.js
FN:3,(anonymous_0)
FNF:1
FNH:1
FNDA:1,(anonymous_0)
DA:1,1
DA:3,1
DA:4,1
LF:3
LH:3
BRF:0
BRH:0
end_of_record
TN:
SF:/home/aspl/test coverage/backend/models/staff.js
FN:3,(anonymous_0)
FNF:1
FNH:1
FNDA:1,(anonymous_0)
DA:1,1
DA:3,1
DA:4,1
LF:3
LH:3
BRF:0
BRH:0
end_of_record
TN:
SF:/home/aspl/test coverage/backend/models/user.js
FN:3,(anonymous_0)
FNF:1
FNH:1
FNDA:1,(anonymous_0)
DA:1,1
DA:3,1
DA:4,1
LF:3
LH:3
BRF:0
BRH:0
end_of_record
TN:
SF:/home/aspl/test coverage/backend/models/user_type.js
FN:3,(anonymous_0)
FNF:1
FNH:1
FNDA:1,(anonymous_0)
DA:1,1
DA:3,1
DA:4,1
LF:3
LH:3
BRF:0
BRH:0
end_of_record
TN:
SF:/home/aspl/test coverage/backend/routes/get_tabs.js
FN:22,(anonymous_0)
FN:29,(anonymous_1)
FN:53,(anonymous_2)
FN:56,(anonymous_3)
FN:66,(anonymous_4)
FN:89,(anonymous_5)
FN:92,(anonymous_6)
FN:102,(anonymous_7)
FN:123,(anonymous_8)
FN:126,(anonymous_9)
FN:136,(anonymous_10)
FN:159,(anonymous_11)
FN:162,(anonymous_12)
FN:171,(anonymous_13)
FN:192,(anonymous_14)
FN:195,(anonymous_15)
FN:205,(anonymous_16)
FN:225,(anonymous_17)
FN:228,(anonymous_18)
FN:238,(anonymous_19)
FN:259,(anonymous_20)
FN:262,(anonymous_21)
FN:272,(anonymous_22)
FN:293,(anonymous_23)
FN:296,(anonymous_24)
FN:306,(anonymous_25)
FN:327,(anonymous_26)
FN:330,(anonymous_27)
FN:340,(anonymous_28)
FN:362,(anonymous_29)
FN:365,(anonymous_30)
FN:375,(anonymous_31)
FN:381,(anonymous_32)
FN:384,(anonymous_33)
FN:438,(anonymous_34)
FN:448,(anonymous_35)
FN:468,(anonymous_36)
FNF:37
FNH:0
FNDA:0,(anonymous_0)
FNDA:0,(anonymous_1)
FNDA:0,(anonymous_2)
FNDA:0,(anonymous_3)
FNDA:0,(anonymous_4)
FNDA:0,(anonymous_5)
FNDA:0,(anonymous_6)
FNDA:0,(anonymous_7)
FNDA:0,(anonymous_8)
FNDA:0,(anonymous_9)
FNDA:0,(anonymous_10)
FNDA:0,(anonymous_11)
FNDA:0,(anonymous_12)
FNDA:0,(anonymous_13)
FNDA:0,(anonymous_14)
FNDA:0,(anonymous_15)
FNDA:0,(anonymous_16)
FNDA:0,(anonymous_17)
FNDA:0,(anonymous_18)
FNDA:0,(anonymous_19)
FNDA:0,(anonymous_20)
FNDA:0,(anonymous_21)
FNDA:0,(anonymous_22)
FNDA:0,(anonymous_23)
FNDA:0,(anonymous_24)
FNDA:0,(anonymous_25)
FNDA:0,(anonymous_26)
FNDA:0,(anonymous_27)
FNDA:0,(anonymous_28)
FNDA:0,(anonymous_29)
FNDA:0,(anonymous_30)
FNDA:0,(anonymous_31)
FNDA:0,(anonymous_32)
FNDA:0,(anonymous_33)
FNDA:0,(anonymous_34)
FNDA:0,(anonymous_35)
FNDA:0,(anonymous_36)
DA:20,0
DA:21,0
DA:22,0
DA:29,0
DA:36,0
DA:37,0
DA:38,0
DA:40,0
DA:41,0
DA:42,0
DA:54,0
DA:57,0
DA:66,0
DA:81,0
DA:83,0
DA:84,0
DA:85,0
DA:90,0
DA:93,0
DA:102,0
DA:116,0
DA:118,0
DA:119,0
DA:120,0
DA:124,0
DA:127,0
DA:136,0
DA:151,0
DA:153,0
DA:154,0
DA:155,0
DA:160,0
DA:163,0
DA:171,0
DA:185,0
DA:187,0
DA:188,0
DA:189,0
DA:193,0
DA:196,0
DA:205,0
DA:216,0
DA:217,0
DA:218,0
DA:220,0
DA:221,0
DA:222,0
DA:226,0
DA:229,0
DA:238,0
DA:252,0
DA:253,0
DA:254,0
DA:255,0
DA:260,0
DA:263,0
DA:272,0
DA:286,0
DA:288,0
DA:289,0
DA:290,0
DA:294,0
DA:297,0
DA:306,0
DA:320,0
DA:322,0
DA:323,0
DA:324,0
DA:328,0
DA:331,0
DA:340,0
DA:354,0
DA:356,0
DA:357,0
DA:358,0
DA:363,0
DA:366,0
DA:375,0
DA:376,0
DA:382,0
DA:385,0
DA:438,0
DA:439,0
DA:440,0
DA:441,0
DA:443,0
DA:444,0
DA:445,0
DA:446,0
DA:449,0
DA:450,0
DA:452,0
DA:468,0
DA:469,0
DA:470,0
DA:472,0
LF:96
LH:0
BRDA:440,0,0,0
BRDA:440,0,1,0
BRDA:449,1,0,0
BRDA:449,1,1,0
BRDA:449,2,0,0
BRDA:449,2,1,0
BRDA:469,3,0,0
BRDA:469,3,1,0
BRDA:469,4,0,0
BRDA:469,4,1,0
BRF:10
BRH:0
end_of_record
TN:
SF:/home/aspl/test coverage/backend/routes/hospitalBranchRoutes.js
FNF:0
FNH:0
DA:1,0
DA:2,0
DA:3,0
DA:5,0
DA:7,0
DA:9,0
DA:11,0
DA:13,0
DA:15,0
DA:17,0
DA:19,0
DA:21,0
DA:23,0
DA:25,0
DA:27,0
DA:29,0
LF:16
LH:0
BRF:0
BRH:0
end_of_record
TN:
SF:/home/aspl/test coverage/backend/routes/hospitalRoutes.js
FNF:0
FNH:0
DA:1,0
DA:2,0
DA:3,0
DA:5,0
DA:7,0
DA:9,0
DA:11,0
DA:13,0
DA:15,0
DA:17,0
LF:10
LH:0
BRF:0
BRH:0
end_of_record
TN:
SF:/home/aspl/test coverage/backend/routes/hospitalStaffRoutes.js
FNF:0
FNH:0
DA:1,0
DA:2,0
DA:3,0
DA:5,0
DA:7,0
DA:9,0
DA:11,0
DA:13,0
DA:15,0
DA:17,0
DA:19,0
DA:21,0
DA:23,0
DA:25,0
DA:27,0
DA:29,0
DA:31,0
DA:33,0
DA:35,0
DA:37,0
DA:39,0
DA:41,0
DA:43,0
LF:23
LH:0
BRF:0
BRH:0
end_of_record
TN:
SF:/home/aspl/test coverage/backend/routes/loginUser.js
FN:13,(anonymous_0)
FN:19,(anonymous_1)
FN:27,(anonymous_2)
FN:35,(anonymous_3)
FN:46,(anonymous_4)
FN:60,(anonymous_5)
FN:83,(anonymous_6)
FN:91,(anonymous_7)
FN:109,(anonymous_8)
FN:130,(anonymous_9)
FN:155,(anonymous_10)
FN:176,(anonymous_11)
FN:180,(anonymous_12)
FN:186,(anonymous_13)
FN:188,(anonymous_14)
FN:198,(anonymous_15)
FN:205,(anonymous_16)
FN:216,(anonymous_17)
FN:222,(anonymous_18)
FN:224,(anonymous_19)
FN:230,(anonymous_20)
FN:248,(anonymous_21)
FN:255,(anonymous_22)
FN:261,(anonymous_23)
FNF:24
FNH:0
FNDA:0,(anonymous_0)
FNDA:0,(anonymous_1)
FNDA:0,(anonymous_2)
FNDA:0,(anonymous_3)
FNDA:0,(anonymous_4)
FNDA:0,(anonymous_5)
FNDA:0,(anonymous_6)
FNDA:0,(anonymous_7)
FNDA:0,(anonymous_8)
FNDA:0,(anonymous_9)
FNDA:0,(anonymous_10)
FNDA:0,(anonymous_11)
FNDA:0,(anonymous_12)
FNDA:0,(anonymous_13)
FNDA:0,(anonymous_14)
FNDA:0,(anonymous_15)
FNDA:0,(anonymous_16)
FNDA:0,(anonymous_17)
FNDA:0,(anonymous_18)
FNDA:0,(anonymous_19)
FNDA:0,(anonymous_20)
FNDA:0,(anonymous_21)
FNDA:0,(anonymous_22)
FNDA:0,(anonymous_23)
DA:7,0
DA:8,0
DA:9,0
DA:10,0
DA:13,0
DA:19,0
DA:20,0
DA:21,0
DA:28,0
DA:29,0
DA:30,0
DA:31,0
DA:36,0
DA:39,0
DA:41,0
DA:47,0
DA:48,0
DA:50,0
DA:52,0
DA:61,0
DA:62,0
DA:63,0
DA:64,0
DA:66,0
DA:67,0
DA:68,0
DA:74,0
DA:76,0
DA:84,0
DA:85,0
DA:86,0
DA:87,0
DA:88,0
DA:89,0
DA:92,0
DA:96,0
DA:98,0
DA:110,0
DA:111,0
DA:112,0
DA:113,0
DA:114,0
DA:115,0
DA:116,0
DA:117,0
DA:118,0
DA:121,0
DA:122,0
DA:131,0
DA:132,0
DA:133,0
DA:134,0
DA:135,0
DA:136,0
DA:137,0
DA:138,0
DA:139,0
DA:140,0
DA:141,0
DA:145,0
DA:155,0
DA:156,0
DA:167,0
DA:172,0
DA:173,0
DA:174,0
DA:176,0
DA:177,0
DA:178,0
DA:180,0
DA:181,0
DA:182,0
DA:184,0
DA:187,0
DA:188,0
DA:189,0
DA:198,0
DA:199,0
DA:202,0
DA:206,0
DA:207,0
DA:208,0
DA:210,0
DA:213,0
DA:214,0
DA:217,0
DA:223,0
DA:231,0
DA:232,0
DA:248,0
DA:249,0
DA:251,0
DA:252,0
DA:256,0
DA:257,0
DA:259,0
DA:262,0
LF:97
LH:0
BRDA:28,0,0,0
BRDA:28,0,1,0
BRDA:39,1,0,0
BRDA:39,1,1,0
BRDA:50,2,0,0
BRDA:50,2,1,0
BRDA:61,3,0,0
BRDA:61,3,1,0
BRDA:74,4,0,0
BRDA:74,4,1,0
BRDA:96,5,0,0
BRDA:96,5,1,0
BRDA:121,6,0,0
BRDA:121,6,1,0
BRDA:173,7,0,0
BRDA:173,7,1,0
BRDA:177,8,0,0
BRDA:177,8,1,0
BRDA:181,9,0,0
BRDA:181,9,1,0
BRDA:206,10,0,0
BRDA:206,10,1,0
BRDA:207,11,0,0
BRDA:207,11,1,0
BRDA:213,12,0,0
BRDA:213,12,1,0
BRDA:256,13,0,0
BRDA:256,13,1,0
BRF:28
BRH:0
end_of_record
TN:
SF:/home/aspl/test coverage/backend/routes/patient.js
FN:24,(anonymous_0)
FN:32,(anonymous_1)
FN:54,(anonymous_2)
FN:58,(anonymous_3)
FN:69,(anonymous_4)
FN:96,(anonymous_5)
FN:99,(anonymous_6)
FN:109,(anonymous_7)
FN:135,(anonymous_8)
FN:139,(anonymous_9)
FN:149,(anonymous_10)
FN:178,(anonymous_11)
FN:191,(anonymous_12)
FN:197,(anonymous_13)
FN:201,(anonymous_14)
FN:203,(anonymous_15)
FN:216,(anonymous_16)
FN:226,(anonymous_17)
FN:229,(anonymous_18)
FN:240,(anonymous_19)
FN:270,(anonymous_20)
FN:273,(anonymous_21)
FN:292,(anonymous_22)
FN:321,(anonymous_23)
FN:324,(anonymous_24)
FN:335,(anonymous_25)
FN:359,(anonymous_26)
FN:362,(anonymous_27)
FN:400,(anonymous_28)
FN:411,(anonymous_29)
FN:414,(anonymous_30)
FN:427,(anonymous_31)
FN:438,(anonymous_32)
FN:441,(anonymous_33)
FN:451,(anonymous_34)
FN:462,(anonymous_35)
FN:465,(anonymous_36)
FN:474,(anonymous_37)
FN:485,(anonymous_38)
FN:488,(anonymous_39)
FN:497,(anonymous_40)
FN:508,(anonymous_41)
FN:511,(anonymous_42)
FN:521,(anonymous_43)
FN:528,(anonymous_44)
FN:531,(anonymous_45)
FN:542,(anonymous_46)
FN:547,(anonymous_47)
FN:550,(anonymous_48)
FN:561,(anonymous_49)
FN:568,(anonymous_50)
FN:577,(anonymous_51)
FN:588,(anonymous_52)
FN:593,(anonymous_53)
FN:609,(anonymous_54)
FN:616,(anonymous_55)
FN:635,(anonymous_56)
FN:643,(anonymous_57)
FN:666,(anonymous_58)
FN:672,(anonymous_59)
FN:678,(anonymous_60)
FN:683,(anonymous_61)
FN:690,(anonymous_62)
FN:698,(anonymous_63)
FN:726,(anonymous_64)
FN:735,(anonymous_65)
FN:742,(anonymous_66)
FN:750,(anonymous_67)
FN:753,(anonymous_68)
FN:764,(anonymous_69)
FN:768,(anonymous_70)
FNF:71
FNH:0
FNDA:0,(anonymous_0)
FNDA:0,(anonymous_1)
FNDA:0,(anonymous_2)
FNDA:0,(anonymous_3)
FNDA:0,(anonymous_4)
FNDA:0,(anonymous_5)
FNDA:0,(anonymous_6)
FNDA:0,(anonymous_7)
FNDA:0,(anonymous_8)
FNDA:0,(anonymous_9)
FNDA:0,(anonymous_10)
FNDA:0,(anonymous_11)
FNDA:0,(anonymous_12)
FNDA:0,(anonymous_13)
FNDA:0,(anonymous_14)
FNDA:0,(anonymous_15)
FNDA:0,(anonymous_16)
FNDA:0,(anonymous_17)
FNDA:0,(anonymous_18)
FNDA:0,(anonymous_19)
FNDA:0,(anonymous_20)
FNDA:0,(anonymous_21)
FNDA:0,(anonymous_22)
FNDA:0,(anonymous_23)
FNDA:0,(anonymous_24)
FNDA:0,(anonymous_25)
FNDA:0,(anonymous_26)
FNDA:0,(anonymous_27)
FNDA:0,(anonymous_28)
FNDA:0,(anonymous_29)
FNDA:0,(anonymous_30)
FNDA:0,(anonymous_31)
FNDA:0,(anonymous_32)
FNDA:0,(anonymous_33)
FNDA:0,(anonymous_34)
FNDA:0,(anonymous_35)
FNDA:0,(anonymous_36)
FNDA:0,(anonymous_37)
FNDA:0,(anonymous_38)
FNDA:0,(anonymous_39)
FNDA:0,(anonymous_40)
FNDA:0,(anonymous_41)
FNDA:0,(anonymous_42)
FNDA:0,(anonymous_43)
FNDA:0,(anonymous_44)
FNDA:0,(anonymous_45)
FNDA:0,(anonymous_46)
FNDA:0,(anonymous_47)
FNDA:0,(anonymous_48)
FNDA:0,(anonymous_49)
FNDA:0,(anonymous_50)
FNDA:0,(anonymous_51)
FNDA:0,(anonymous_52)
FNDA:0,(anonymous_53)
FNDA:0,(anonymous_54)
FNDA:0,(anonymous_55)
FNDA:0,(anonymous_56)
FNDA:0,(anonymous_57)
FNDA:0,(anonymous_58)
FNDA:0,(anonymous_59)
FNDA:0,(anonymous_60)
FNDA:0,(anonymous_61)
FNDA:0,(anonymous_62)
FNDA:0,(anonymous_63)
FNDA:0,(anonymous_64)
FNDA:0,(anonymous_65)
FNDA:0,(anonymous_66)
FNDA:0,(anonymous_67)
FNDA:0,(anonymous_68)
FNDA:0,(anonymous_69)
FNDA:0,(anonymous_70)
DA:22,0
DA:23,0
DA:24,0
DA:32,0
DA:33,0
DA:42,0
DA:50,0
DA:51,0
DA:52,0
DA:54,0
DA:55,0
DA:56,0
DA:58,0
DA:59,0
DA:69,0
DA:70,0
DA:89,0
DA:92,0
DA:93,0
DA:94,0
DA:96,0
DA:98,0
DA:100,0
DA:109,0
DA:110,0
DA:121,0
DA:127,0
DA:128,0
DA:129,0
DA:131,0
DA:135,0
DA:136,0
DA:137,0
DA:139,0
DA:141,0
DA:149,0
DA:150,0
DA:160,0
DA:166,0
DA:167,0
DA:168,0
DA:170,0
DA:178,0
DA:180,0
DA:191,0
DA:192,0
DA:193,0
DA:198,0
DA:199,0
DA:201,0
DA:202,0
DA:204,0
DA:216,0
DA:217,0
DA:219,0
DA:222,0
DA:223,0
DA:224,0
DA:226,0
DA:228,0
DA:230,0
DA:240,0
DA:261,0
DA:263,0
DA:266,0
DA:267,0
DA:268,0
DA:270,0
DA:272,0
DA:274,0
DA:292,0
DA:293,0
DA:314,0
DA:317,0
DA:318,0
DA:319,0
DA:321,0
DA:323,0
DA:325,0
DA:335,0
DA:336,0
DA:352,0
DA:355,0
DA:356,0
DA:357,0
DA:359,0
DA:361,0
DA:363,0
DA:400,0
DA:401,0
DA:402,0
DA:403,0
DA:404,0
DA:407,0
DA:408,0
DA:409,0
DA:411,0
DA:413,0
DA:415,0
DA:427,0
DA:428,0
DA:429,0
DA:430,0
DA:431,0
DA:434,0
DA:435,0
DA:436,0
DA:438,0
DA:440,0
DA:442,0
DA:451,0
DA:452,0
DA:453,0
DA:454,0
DA:455,0
DA:458,0
DA:459,0
DA:460,0
DA:462,0
DA:464,0
DA:466,0
DA:474,0
DA:475,0
DA:476,0
DA:477,0
DA:478,0
DA:481,0
DA:482,0
DA:483,0
DA:485,0
DA:487,0
DA:489,0
DA:497,0
DA:498,0
DA:499,0
DA:500,0
DA:501,0
DA:504,0
DA:505,0
DA:506,0
DA:508,0
DA:510,0
DA:512,0
DA:521,0
DA:522,0
DA:529,0
DA:532,0
DA:542,0
DA:544,0
DA:548,0
DA:551,0
DA:561,0
DA:562,0
DA:569,0
DA:571,0
DA:573,0
DA:578,0
DA:588,0
DA:590,0
DA:591,0
DA:594,0
DA:595,0
DA:597,0
DA:609,0
DA:611,0
DA:612,0
DA:613,0
DA:614,0
DA:617,0
DA:618,0
DA:620,0
DA:635,0
DA:637,0
DA:641,0
DA:644,0
DA:645,0
DA:647,0
DA:666,0
DA:667,0
DA:668,0
DA:669,0
DA:673,0
DA:674,0
DA:676,0
DA:679,0
DA:683,0
DA:684,0
DA:686,0
DA:687,0
DA:693,0
DA:694,0
DA:696,0
DA:699,0
DA:726,0
DA:728,0
DA:732,0
DA:736,0
DA:737,0
DA:743,0
DA:749,0
DA:750,0
DA:751,0
DA:757,0
DA:763,0
DA:764,0
DA:765,0
DA:769,0
DA:770,0
LF:208
LH:0
BRDA:51,0,0,0
BRDA:51,0,1,0
BRDA:55,1,0,0
BRDA:55,1,1,0
BRDA:93,2,0,0
BRDA:93,2,1,0
BRDA:128,3,0,0
BRDA:128,3,1,0
BRDA:136,4,0,0
BRDA:136,4,1,0
BRDA:167,5,0,0
BRDA:167,5,1,0
BRDA:198,6,0,0
BRDA:198,6,1,0
BRDA:223,7,0,0
BRDA:223,7,1,0
BRDA:267,8,0,0
BRDA:267,8,1,0
BRDA:318,9,0,0
BRDA:318,9,1,0
BRDA:356,10,0,0
BRDA:356,10,1,0
BRDA:408,11,0,0
BRDA:408,11,1,0
BRDA:435,12,0,0
BRDA:435,12,1,0
BRDA:459,13,0,0
BRDA:459,13,1,0
BRDA:482,14,0,0
BRDA:482,14,1,0
BRDA:505,15,0,0
BRDA:505,15,1,0
BRDA:569,16,0,0
BRDA:569,16,1,0
BRDA:569,17,0,0
BRDA:569,17,1,0
BRDA:594,18,0,0
BRDA:594,18,1,0
BRDA:594,19,0,0
BRDA:594,19,1,0
BRDA:617,20,0,0
BRDA:617,20,1,0
BRDA:617,21,0,0
BRDA:617,21,1,0
BRDA:644,22,0,0
BRDA:644,22,1,0
BRDA:644,23,0,0
BRDA:644,23,1,0
BRDA:673,24,0,0
BRDA:673,24,1,0
BRDA:693,25,0,0
BRDA:693,25,1,0
BRDA:736,26,0,0
BRDA:736,26,1,0
BRDA:736,27,0,0
BRDA:736,27,1,0
BRF:56
BRH:0
end_of_record
TN:
SF:/home/aspl/test coverage/backend/routes/patientRoutes.js
FNF:0
FNH:0
DA:1,0
DA:2,0
DA:3,0
DA:5,0
DA:7,0
DA:9,0
DA:11,0
DA:13,0
DA:15,0
DA:17,0
DA:19,0
DA:21,0
DA:23,0
DA:25,0
DA:27,0
DA:29,0
DA:31,0
DA:33,0
DA:35,0
DA:37,0
DA:39,0
DA:41,0
DA:43,0
DA:45,0
DA:47,0
DA:49,0
DA:51,0
DA:53,0
DA:55,0
DA:57,0
DA:59,0
DA:61,0
LF:32
LH:0
BRF:0
BRH:0
end_of_record
TN:
SF:/home/aspl/test coverage/backend/spec/specs.js
FNF:0
FNH:0
DA:1,1
DA:2,1
DA:3,1
DA:4,1
DA:11,1
DA:12,1
DA:15,1
DA:29,1
LF:8
LH:8
BRF:0
BRH:0
end_of_record
TN:
SF:/home/aspl/test coverage/backend/spec/unit/hospital.spec.js
FN:4,(anonymous_0)
FN:9,(anonymous_1)
FN:23,(anonymous_2)
FN:27,(anonymous_3)
FNF:4
FNH:2
FNDA:1,(anonymous_0)
FNDA:0,(anonymous_1)
FNDA:1,(anonymous_2)
FNDA:0,(anonymous_3)
DA:1,1
DA:4,1
DA:9,1
DA:11,0
DA:12,0
DA:14,0
DA:16,0
DA:23,1
DA:27,1
DA:29,0
DA:37,0
DA:39,0
LF:12
LH:5
BRF:0
BRH:0
end_of_record
TN:
SF:/home/aspl/test coverage/backend/validation/patientValidation.js
FN:4,saveValidateBabyAppears
FN:26,updateValidateBabyAppears
FN:46,saveValidationBabyResp
FN:66,updateValidationBabyResp
FN:86,saveValidateBabyCV
FN:107,updateValidateBabyCV
FN:125,saveValidateBabyCNS
FN:136,updateValidateBabyCNS
FN:144,saveValidateBabyGIT
FN:156,updateValidateBabyGIT
FN:166,saveValidateBabyAntibiotic
FN:182,updateValidateBabyAntibiotic
FN:196,saveValidateBabyFinal
FN:224,updateValidateBabyFinal
FN:250,saveValidateBabyInvestigation
FN:294,updateValidateBabyInvestigation
FN:336,(anonymous_16)
FNF:17
FNH:0
FNDA:0,saveValidateBabyAppears
FNDA:0,updateValidateBabyAppears
FNDA:0,saveValidationBabyResp
FNDA:0,updateValidationBabyResp
FNDA:0,saveValidateBabyCV
FNDA:0,updateValidateBabyCV
FNDA:0,saveValidateBabyCNS
FNDA:0,updateValidateBabyCNS
FNDA:0,saveValidateBabyGIT
FNDA:0,updateValidateBabyGIT
FNDA:0,saveValidateBabyAntibiotic
FNDA:0,updateValidateBabyAntibiotic
FNDA:0,saveValidateBabyFinal
FNDA:0,updateValidateBabyFinal
FNDA:0,saveValidateBabyInvestigation
FNDA:0,updateValidateBabyInvestigation
FNDA:0,(anonymous_16)
DA:1,0
DA:2,0
DA:5,0
DA:27,0
DA:47,0
DA:67,0
DA:87,0
DA:108,0
DA:126,0
DA:137,0
DA:145,0
DA:157,0
DA:167,0
DA:183,0
DA:197,0
DA:225,0
DA:251,0
DA:295,0
DA:336,0
DA:337,0
DA:339,0
DA:350,0
DA:352,0
DA:354,0
DA:356,0
DA:358,0
DA:360,0
DA:362,0
DA:364,0
DA:366,0
DA:368,0
DA:370,0
DA:372,0
DA:374,0
DA:376,0
DA:378,0
DA:380,0
DA:382,0
LF:38
LH:0
BRDA:337,0,0,0
BRDA:337,0,1,0
BRDA:337,0,2,0
BRDA:337,0,3,0
BRDA:337,0,4,0
BRDA:337,0,5,0
BRDA:337,0,6,0
BRDA:337,0,7,0
BRDA:337,0,8,0
BRF:9
BRH:0
end_of_record
